# nonlinearity_1=tanh	dropout_prob_1=0.008172680923374698	similarity_type=cos	usr_id=None	log_dir=logs/lay1-sha-tokgoo-bat24-optada--8	nonlinearity_2=False	verbose=True	bi=True	model_type=lstm_basic	epochs=50	useAdam=True	phase=training	num_epochs=50	num_folds=5	nonlinearity=tanh,False	token_emb=200	weight_decay=1.8044454846752823e-07	dropout_prob_2=0.0013466197621012088	entity_library=True	batch_size=24	corpus_entity_embs=None	no_shuffle=False	stop_criterion=5	layers_lstm=1	ent=True	dropout_prob=0.008172680923374698,0.0013466197621012088	learning_rate=0.000533396665212102	folds=5	useAdadelta=False	level=scene	sim=cos	emb_size=200,134	share_weights=False	bidirectional=True	hidden_lstm_1=459	model_file=None	speaker_emb=134	conf_file=config_google_scene.ini	lr=0.000533396665212102	chunk_size=757	test_every=1	hidden_size=459	stop_criterion_num_epochs=5	id=58	random=False	no_files=False	use_cuda=True	cuda=True	corpus_token_embs=google_news	use_trial=False	optimizer=adam
# python main.py --batch_size 24 --bidirectional --chunk_size 757 --conf_file config_google_scene.ini --dropout_prob_1 0.008172680923374698 --dropout_prob_2 0.0013466197621012088 --entity_library --epochs 50 --file_name auto --folds 5 --hidden_lstm_1 459 --id 58 --layers_lstm 1 --learning_rate 0.000533396665212102 --level scene --log_dir logs/lay1-sha-tokgoo-bat24-optada--8 --model_file auto --nonlinearity_1 tanh --optimizer adam --phase training --similarity_type cos --speaker_emb 134 --stop_criterion 5 --test_every 1 --token_emb google_news --use_cuda --usr_id auto --verbose --weight_decay 1.8044454846752823e-07
epoch	iteration	fold	train_loss	train_acc	train_macro_f1	train_macro_f1_main	train_total	val_loss	val_acc	val_macro_f1	val_macro_f1_main	val_total	model
   -1	    0	  0	 5.9925289	    0.2636	    0.0126	    7.8004	  10621	 5.9936352	    0.1504	    0.0565	    7.0015	   2659	bidTrue--chu757--dro0.008--dro0.001--entTrue--hid459--lea0.000--nontanh--nonFalse--simcos--spe134--wei1.804--58
    0	   16	  0	 5.5795479	   39.3089	    1.1979	   42.1260	  10621	 5.5745602	   40.9929	    2.5948	   44.5839	   2659	bidTrue--chu757--dro0.008--dro0.001--entTrue--hid459--lea0.000--nontanh--nonFalse--simcos--spe134--wei1.804--58
    1	   32	  0	 5.5358248	   40.7118	    1.4319	   43.0187	  10621	 5.5377178	   41.8202	    3.0135	   44.9591	   2659	bidTrue--chu757--dro0.008--dro0.001--entTrue--hid459--lea0.000--nontanh--nonFalse--simcos--spe134--wei1.804--58
    2	   48	  0	 5.5093331	   42.2559	    2.5840	   44.5490	  10621	 5.5155993	   42.1963	    3.5742	   45.2667	   2659	bidTrue--chu757--dro0.008--dro0.001--entTrue--hid459--lea0.000--nontanh--nonFalse--simcos--spe134--wei1.804--58
    3	   64	  0	 5.4843450	   44.1390	    4.3977	   46.5470	  10621	 5.4973645	   43.5878	    4.8060	   47.0232	   2659	bidTrue--chu757--dro0.008--dro0.001--entTrue--hid459--lea0.000--nontanh--nonFalse--simcos--spe134--wei1.804--58
    4	   80	  0	 5.4593220	   46.5587	    6.8166	   49.1844	  10621	 5.4769340	   45.3178	    5.7210	   48.9670	   2659	bidTrue--chu757--dro0.008--dro0.001--entTrue--hid459--lea0.000--nontanh--nonFalse--simcos--spe134--wei1.804--58
    5	   96	  0	 5.4360042	   49.2327	    9.0249	   52.3103	  10621	 5.4568529	   47.5743	    8.3288	   51.6734	   2659	bidTrue--chu757--dro0.008--dro0.001--entTrue--hid459--lea0.000--nontanh--nonFalse--simcos--spe134--wei1.804--58
    6	  112	  0	 5.4107327	   53.8556	   10.4068	   57.7230	  10621	 5.4362130	   50.4701	    9.6825	   55.4054	   2659	bidTrue--chu757--dro0.008--dro0.001--entTrue--hid459--lea0.000--nontanh--nonFalse--simcos--spe134--wei1.804--58
    7	  127	  0	 5.3887210	   57.2451	   11.5166	   62.1548	  10621	 5.4214001	   52.9146	   10.2169	   58.9598	   2659	bidTrue--chu757--dro0.008--dro0.001--entTrue--hid459--lea0.000--nontanh--nonFalse--simcos--spe134--wei1.804--58
    8	  143	  0	 5.3677006	   59.6931	   11.4726	   64.6985	  10621	 5.4094176	   55.8105	   10.6872	   61.1256	   2659	bidTrue--chu757--dro0.008--dro0.001--entTrue--hid459--lea0.000--nontanh--nonFalse--simcos--spe134--wei1.804--58
    9	  159	  0	 5.3475842	   61.5950	   11.3521	   66.7087	  10621	 5.3959932	   57.3524	   11.1543	   62.2989	   2659	bidTrue--chu757--dro0.008--dro0.001--entTrue--hid459--lea0.000--nontanh--nonFalse--simcos--spe134--wei1.804--58
   10	  175	  0	 5.3288312	   63.3556	   12.0645	   68.3265	  10621	 5.3830037	   58.1422	   11.2567	   63.5027	   2659	bidTrue--chu757--dro0.008--dro0.001--entTrue--hid459--lea0.000--nontanh--nonFalse--simcos--spe134--wei1.804--58
   11	  190	  0	 5.3125515	   65.3422	   12.1511	   70.5707	  10621	 5.3699393	   59.2704	   11.1809	   64.9759	   2659	bidTrue--chu757--dro0.008--dro0.001--entTrue--hid459--lea0.000--nontanh--nonFalse--simcos--spe134--wei1.804--58
   12	  206	  0	 5.2959971	   67.0370	   12.8323	   72.9998	  10621	 5.3608227	   60.5491	   11.9762	   67.1853	   2659	bidTrue--chu757--dro0.008--dro0.001--entTrue--hid459--lea0.000--nontanh--nonFalse--simcos--spe134--wei1.804--58
   13	  222	  0	 5.2760987	   69.3720	   13.8699	   74.9713	  10621	 5.3457155	   62.7680	   12.9243	   68.8828	   2659	bidTrue--chu757--dro0.008--dro0.001--entTrue--hid459--lea0.000--nontanh--nonFalse--simcos--spe134--wei1.804--58
   14	  238	  0	 5.2609754	   70.6996	   14.3012	   76.0032	  10621	 5.3362103	   63.7458	   13.1961	   69.7865	   2659	bidTrue--chu757--dro0.008--dro0.001--entTrue--hid459--lea0.000--nontanh--nonFalse--simcos--spe134--wei1.804--58
   15	  254	  0	 5.2482529	   72.8462	   15.2335	   79.1610	  10621	 5.3311195	   64.0842	   13.2793	   71.1451	   2659	bidTrue--chu757--dro0.008--dro0.001--entTrue--hid459--lea0.000--nontanh--nonFalse--simcos--spe134--wei1.804--58
   16	  270	  0	 5.2352300	   74.3998	   15.6193	   80.4655	  10621	 5.3186245	   66.0023	   14.2774	   73.2835	   2659	bidTrue--chu757--dro0.008--dro0.001--entTrue--hid459--lea0.000--nontanh--nonFalse--simcos--spe134--wei1.804--58
   17	  286	  0	 5.2222676	   74.8423	   16.1334	   80.6787	  10621	 5.3137593	   65.5886	   14.3295	   72.4713	   2659	bidTrue--chu757--dro0.008--dro0.001--entTrue--hid459--lea0.000--nontanh--nonFalse--simcos--spe134--wei1.804--58
   18	  300	  0	 5.2123823	   75.7556	   16.6213	   81.1250	  10621	 5.3059340	   66.7544	   15.1333	   73.2042	   2659	bidTrue--chu757--dro0.008--dro0.001--entTrue--hid459--lea0.000--nontanh--nonFalse--simcos--spe134--wei1.804--58
   19	  315	  0	 5.2007961	   76.8289	   17.0758	   82.7191	  10621	 5.3040390	   67.0553	   15.3473	   73.8932	   2659	bidTrue--chu757--dro0.008--dro0.001--entTrue--hid459--lea0.000--nontanh--nonFalse--simcos--spe134--wei1.804--58
   20	  331	  0	 5.1923213	   77.9023	   18.3032	   83.6266	  10621	 5.2998180	   66.9801	   15.9401	   73.9125	   2659	bidTrue--chu757--dro0.008--dro0.001--entTrue--hid459--lea0.000--nontanh--nonFalse--simcos--spe134--wei1.804--58
   21	  347	  0	 5.1810389	   78.8909	   19.8331	   84.8836	  10621	 5.2951636	   67.7698	   16.6654	   75.0343	   2659	bidTrue--chu757--dro0.008--dro0.001--entTrue--hid459--lea0.000--nontanh--nonFalse--simcos--spe134--wei1.804--58
   22	  362	  0	 5.1702070	   80.0960	   22.2787	   85.8607	  10621	 5.2884655	   67.8451	   16.3011	   74.9613	   2659	bidTrue--chu757--dro0.008--dro0.001--entTrue--hid459--lea0.000--nontanh--nonFalse--simcos--spe134--wei1.804--58
   23	  378	  0	 5.1648016	   80.3502	   23.0590	   85.7327	  10621	 5.2841086	   67.9955	   17.1820	   74.7876	   2659	bidTrue--chu757--dro0.008--dro0.001--entTrue--hid459--lea0.000--nontanh--nonFalse--simcos--spe134--wei1.804--58
   24	  394	  0	 5.1553817	   81.0941	   24.2558	   86.5866	  10621	 5.2784653	   68.5220	   17.7165	   75.4499	   2659	bidTrue--chu757--dro0.008--dro0.001--entTrue--hid459--lea0.000--nontanh--nonFalse--simcos--spe134--wei1.804--58
   25	  410	  0	 5.1486506	   82.2992	   25.8580	   88.5168	  10621	 5.2779112	   68.2964	   17.4014	   76.8503	   2659	bidTrue--chu757--dro0.008--dro0.001--entTrue--hid459--lea0.000--nontanh--nonFalse--simcos--spe134--wei1.804--58
   26	  425	  0	 5.1378059	   83.1654	   29.0505	   88.2317	  10621	 5.2690415	   69.2742	   18.2963	   76.3480	   2659	bidTrue--chu757--dro0.008--dro0.001--entTrue--hid459--lea0.000--nontanh--nonFalse--simcos--spe134--wei1.804--58
   27	  441	  0	 5.1309228	   84.1070	   31.6372	   89.2289	  10621	 5.2697716	   68.8981	   19.0230	   76.0430	   2659	bidTrue--chu757--dro0.008--dro0.001--entTrue--hid459--lea0.000--nontanh--nonFalse--simcos--spe134--wei1.804--58
   28	  457	  0	 5.1241331	   84.6342	   33.1092	   89.7037	  10621	 5.2653298	   69.1613	   19.0492	   76.5740	   2659	bidTrue--chu757--dro0.008--dro0.001--entTrue--hid459--lea0.000--nontanh--nonFalse--simcos--spe134--wei1.804--58
   29	  473	  0	 5.1168928	   85.3592	   37.0638	   90.1266	  10621	 5.2612123	   69.6502	   19.5527	   76.9757	   2659	bidTrue--chu757--dro0.008--dro0.001--entTrue--hid459--lea0.000--nontanh--nonFalse--simcos--spe134--wei1.804--58
   30	  489	  0	 5.1088219	   86.1877	   40.4912	   91.2194	  10621	 5.2594156	   69.2742	   19.4242	   76.9334	   2659	bidTrue--chu757--dro0.008--dro0.001--entTrue--hid459--lea0.000--nontanh--nonFalse--simcos--spe134--wei1.804--58
   31	  504	  0	 5.1037307	   86.5832	   42.4733	   91.0225	  10621	 5.2539930	   69.3870	   19.3984	   76.7090	   2659	bidTrue--chu757--dro0.008--dro0.001--entTrue--hid459--lea0.000--nontanh--nonFalse--simcos--spe134--wei1.804--58
   32	  519	  0	 5.0974159	   87.3364	   44.2250	   91.7512	  10621	 5.2534423	   69.5750	   19.6606	   76.8803	   2659	bidTrue--chu757--dro0.008--dro0.001--entTrue--hid459--lea0.000--nontanh--nonFalse--simcos--spe134--wei1.804--58
   33	  535	  0	 5.0905266	   87.9390	   48.0263	   91.9119	  10621	 5.2496114	   69.7631	   20.5823	   77.1902	   2659	bidTrue--chu757--dro0.008--dro0.001--entTrue--hid459--lea0.000--nontanh--nonFalse--simcos--spe134--wei1.804--58
   34	  551	  0	 5.0841055	   88.3909	   48.1095	   92.3170	  10621	 5.2469454	   69.3870	   18.8637	   76.6801	   2659	bidTrue--chu757--dro0.008--dro0.001--entTrue--hid459--lea0.000--nontanh--nonFalse--simcos--spe134--wei1.804--58
   35	  567	  0	 5.0786443	   89.1441	   52.1343	   92.8052	  10621	 5.2439313	   69.9135	   19.9009	   77.2811	   2659	bidTrue--chu757--dro0.008--dro0.001--entTrue--hid459--lea0.000--nontanh--nonFalse--simcos--spe134--wei1.804--58
   36	  582	  0	 5.0768785	   88.9370	   51.7524	   92.2931	  10621	 5.2397704	   69.8759	   19.6839	   76.2548	   2659	bidTrue--chu757--dro0.008--dro0.001--entTrue--hid459--lea0.000--nontanh--nonFalse--simcos--spe134--wei1.804--58
   37	  598	  0	 5.0674124	   89.9068	   56.5484	   93.3711	  10621	 5.2365260	   69.5750	   20.0782	   76.4671	   2659	bidTrue--chu757--dro0.008--dro0.001--entTrue--hid459--lea0.000--nontanh--nonFalse--simcos--spe134--wei1.804--58
   38	  614	  0	 5.0624981	   90.1892	   56.7868	   93.9170	  10621	 5.2371221	   68.9733	   19.6169	   77.0100	   2659	bidTrue--chu757--dro0.008--dro0.001--entTrue--hid459--lea0.000--nontanh--nonFalse--simcos--spe134--wei1.804--58
   39	  629	  0	 5.0594702	   89.8597	   56.9601	   93.2425	  10621	 5.2288933	   69.3494	   19.4491	   76.4235	   2659	bidTrue--chu757--dro0.008--dro0.001--entTrue--hid459--lea0.000--nontanh--nonFalse--simcos--spe134--wei1.804--58
   40	  644	  0	 5.0490098	   90.9519	   60.7437	   94.0621	  10621	 5.2229772	   70.1015	   19.8505	   77.2604	   2659	bidTrue--chu757--dro0.008--dro0.001--entTrue--hid459--lea0.000--nontanh--nonFalse--simcos--spe134--wei1.804--58
   41	  660	  0	 5.0437489	   91.2155	   62.1854	   94.1737	  10621	 5.2200937	   69.9887	   19.8934	   76.8346	   2659	bidTrue--chu757--dro0.008--dro0.001--entTrue--hid459--lea0.000--nontanh--nonFalse--simcos--spe134--wei1.804--58
   42	  676	  0	 5.0392132	   91.5827	   63.0058	   94.3668	  10621	 5.2170067	   69.7631	   19.9281	   76.5588	   2659	bidTrue--chu757--dro0.008--dro0.001--entTrue--hid459--lea0.000--nontanh--nonFalse--simcos--spe134--wei1.804--58
   43	  692	  0	 5.0340848	   91.9687	   65.9292	   94.6179	  10621	 5.2154899	   70.1768	   20.8387	   77.1748	   2659	bidTrue--chu757--dro0.008--dro0.001--entTrue--hid459--lea0.000--nontanh--nonFalse--simcos--spe134--wei1.804--58
   44	  708	  0	 5.0270987	   92.3548	   66.6415	   94.9508	  10621	 5.2103443	   69.7631	   20.7815	   76.7012	   2659	bidTrue--chu757--dro0.008--dro0.001--entTrue--hid459--lea0.000--nontanh--nonFalse--simcos--spe134--wei1.804--58
   45	  724	  0	 5.0235629	   92.5619	   67.0072	   94.9980	  10621	 5.2073913	   70.0263	   20.3541	   76.8291	   2659	bidTrue--chu757--dro0.008--dro0.001--entTrue--hid459--lea0.000--nontanh--nonFalse--simcos--spe134--wei1.804--58
   46	  739	  0	 5.0173311	   93.1833	   68.9999	   95.4489	  10621	 5.2042155	   69.8007	   19.4558	   77.1449	   2659	bidTrue--chu757--dro0.008--dro0.001--entTrue--hid459--lea0.000--nontanh--nonFalse--simcos--spe134--wei1.804--58
   47	  755	  0	 5.0124717	   93.6070	   71.8572	   95.8826	  10621	 5.2007670	   70.2144	   21.1371	   77.2762	   2659	bidTrue--chu757--dro0.008--dro0.001--entTrue--hid459--lea0.000--nontanh--nonFalse--simcos--spe134--wei1.804--58
   48	  771	  0	 5.0062857	   93.4752	   71.3756	   95.6733	  10621	 5.1951318	   70.0263	   20.6019	   77.0262	   2659	bidTrue--chu757--dro0.008--dro0.001--entTrue--hid459--lea0.000--nontanh--nonFalse--simcos--spe134--wei1.804--58
   49	  787	  0	 5.0027966	   93.9177	   72.6699	   95.9534	  10621	 5.1931009	   70.3648	   20.3154	   77.6187	   2659	bidTrue--chu757--dro0.008--dro0.001--entTrue--hid459--lea0.000--nontanh--nonFalse--simcos--spe134--wei1.804--58
   -1	    0	  1	 5.9909134	    0.0188	    0.0157	    7.0137	  10624	 5.9944253	    0.0000	    0.0000	    7.7237	   2656	bidTrue--chu757--dro0.008--dro0.001--entTrue--hid459--lea0.000--nontanh--nonFalse--simcos--spe134--wei1.804--58
    0	   16	  1	 5.5630422	   40.6627	    1.1698	   43.8610	  10624	 5.5900354	   38.0648	    2.8623	   42.0424	   2656	bidTrue--chu757--dro0.008--dro0.001--entTrue--hid459--lea0.000--nontanh--nonFalse--simcos--spe134--wei1.804--58
    1	   32	  1	 5.5266852	   41.5004	    1.4839	   44.0926	  10624	 5.5589528	   37.8389	    2.9521	   41.4331	   2656	bidTrue--chu757--dro0.008--dro0.001--entTrue--hid459--lea0.000--nontanh--nonFalse--simcos--spe134--wei1.804--58
    2	   48	  1	 5.4998908	   42.5734	    2.3122	   44.9110	  10624	 5.5356030	   38.5166	    3.9301	   42.0895	   2656	bidTrue--chu757--dro0.008--dro0.001--entTrue--hid459--lea0.000--nontanh--nonFalse--simcos--spe134--wei1.804--58
    3	   64	  1	 5.4744644	   44.6536	    4.3257	   46.9451	  10624	 5.5158386	   40.5497	    5.1437	   43.7556	   2656	bidTrue--chu757--dro0.008--dro0.001--entTrue--hid459--lea0.000--nontanh--nonFalse--simcos--spe134--wei1.804--58
    4	   80	  1	 5.4524622	   46.9315	    6.5901	   49.7353	  10624	 5.4966969	   42.5452	    6.5207	   46.2036	   2656	bidTrue--chu757--dro0.008--dro0.001--entTrue--hid459--lea0.000--nontanh--nonFalse--simcos--spe134--wei1.804--58
    5	   96	  1	 5.4318967	   50.4424	    9.8282	   53.4692	  10624	 5.4792199	   45.2560	    8.0544	   49.3429	   2656	bidTrue--chu757--dro0.008--dro0.001--entTrue--hid459--lea0.000--nontanh--nonFalse--simcos--spe134--wei1.804--58
    6	  112	  1	 5.4122171	   52.6732	   11.0958	   56.3722	  10624	 5.4633498	   46.1973	    8.7926	   50.8829	   2656	bidTrue--chu757--dro0.008--dro0.001--entTrue--hid459--lea0.000--nontanh--nonFalse--simcos--spe134--wei1.804--58
    7	  127	  1	 5.3899198	   55.3370	   12.9746	   59.7675	  10624	 5.4437294	   48.5693	   10.1195	   53.9028	   2656	bidTrue--chu757--dro0.008--dro0.001--entTrue--hid459--lea0.000--nontanh--nonFalse--simcos--spe134--wei1.804--58
    8	  143	  1	 5.3750768	   58.1231	   14.6318	   63.1071	  10624	 5.4304419	   52.5226	   11.1878	   58.7823	   2656	bidTrue--chu757--dro0.008--dro0.001--entTrue--hid459--lea0.000--nontanh--nonFalse--simcos--spe134--wei1.804--58
    9	  159	  1	 5.3681393	   59.7421	   14.4471	   64.4411	  10624	 5.4241748	   54.5934	   11.5041	   60.2237	   2656	bidTrue--chu757--dro0.008--dro0.001--entTrue--hid459--lea0.000--nontanh--nonFalse--simcos--spe134--wei1.804--58
   10	  175	  1	 5.3427486	   61.7376	   13.9397	   66.5225	  10624	 5.4082541	   54.2169	   10.4778	   60.1465	   2656	bidTrue--chu757--dro0.008--dro0.001--entTrue--hid459--lea0.000--nontanh--nonFalse--simcos--spe134--wei1.804--58
   11	  191	  1	 5.3195333	   63.4036	   13.8265	   68.0870	  10624	 5.3867016	   56.7771	   10.6746	   62.3378	   2656	bidTrue--chu757--dro0.008--dro0.001--entTrue--hid459--lea0.000--nontanh--nonFalse--simcos--spe134--wei1.804--58
   12	  207	  1	 5.3016481	   65.3520	   14.3152	   70.1014	  10624	 5.3758435	   58.3584	   11.5935	   63.7254	   2656	bidTrue--chu757--dro0.008--dro0.001--entTrue--hid459--lea0.000--nontanh--nonFalse--simcos--spe134--wei1.804--58
   13	  223	  1	 5.2872357	   67.0651	   14.5363	   71.7471	  10624	 5.3652472	   58.9608	   11.7583	   64.5372	   2656	bidTrue--chu757--dro0.008--dro0.001--entTrue--hid459--lea0.000--nontanh--nonFalse--simcos--spe134--wei1.804--58
   14	  238	  1	 5.2716217	   68.9194	   14.9874	   73.7501	  10624	 5.3575621	   59.9021	   11.6317	   65.1767	   2656	bidTrue--chu757--dro0.008--dro0.001--entTrue--hid459--lea0.000--nontanh--nonFalse--simcos--spe134--wei1.804--58
   15	  254	  1	 5.2598085	   69.8136	   15.3174	   74.9687	  10624	 5.3513198	   60.5422	   12.3793	   65.9539	   2656	bidTrue--chu757--dro0.008--dro0.001--entTrue--hid459--lea0.000--nontanh--nonFalse--simcos--spe134--wei1.804--58
   16	  270	  1	 5.2465706	   71.1785	   15.6378	   76.1309	  10624	 5.3429537	   60.9187	   12.0625	   65.9633	   2656	bidTrue--chu757--dro0.008--dro0.001--entTrue--hid459--lea0.000--nontanh--nonFalse--simcos--spe134--wei1.804--58
   17	  286	  1	 5.2313890	   73.6163	   16.2303	   78.8537	  10624	 5.3315749	   61.8599	   12.5659	   67.5371	   2656	bidTrue--chu757--dro0.008--dro0.001--entTrue--hid459--lea0.000--nontanh--nonFalse--simcos--spe134--wei1.804--58
   18	  302	  1	 5.2221060	   74.4164	   16.7405	   79.3894	  10624	 5.3271070	   63.2154	   12.8707	   68.5980	   2656	bidTrue--chu757--dro0.008--dro0.001--entTrue--hid459--lea0.000--nontanh--nonFalse--simcos--spe134--wei1.804--58
   19	  318	  1	 5.2074986	   75.5365	   17.9698	   80.6193	  10624	 5.3188071	   62.6883	   12.7023	   67.7744	   2656	bidTrue--chu757--dro0.008--dro0.001--entTrue--hid459--lea0.000--nontanh--nonFalse--simcos--spe134--wei1.804--58
   20	  334	  1	 5.2013335	   76.0825	   18.0140	   80.5636	  10624	 5.3175426	   62.2741	   12.9727	   67.0508	   2656	bidTrue--chu757--dro0.008--dro0.001--entTrue--hid459--lea0.000--nontanh--nonFalse--simcos--spe134--wei1.804--58
   21	  349	  1	 5.1894999	   77.4661	   19.2483	   82.4913	  10624	 5.3082404	   63.3660	   13.3390	   68.7658	   2656	bidTrue--chu757--dro0.008--dro0.001--entTrue--hid459--lea0.000--nontanh--nonFalse--simcos--spe134--wei1.804--58
   22	  365	  1	 5.1819959	   77.5038	   19.9149	   82.2404	  10624	 5.3066196	   63.0648	   13.0695	   68.0483	   2656	bidTrue--chu757--dro0.008--dro0.001--entTrue--hid459--lea0.000--nontanh--nonFalse--simcos--spe134--wei1.804--58
   23	  381	  1	 5.1698251	   79.5557	   22.4598	   84.4288	  10624	 5.2995863	   64.0060	   14.0128	   69.7936	   2656	bidTrue--chu757--dro0.008--dro0.001--entTrue--hid459--lea0.000--nontanh--nonFalse--simcos--spe134--wei1.804--58
   24	  397	  1	 5.1608448	   80.1393	   23.8888	   84.8532	  10624	 5.2924261	   64.9473	   14.6670	   70.6153	   2656	bidTrue--chu757--dro0.008--dro0.001--entTrue--hid459--lea0.000--nontanh--nonFalse--simcos--spe134--wei1.804--58
   25	  413	  1	 5.1511955	   80.8735	   24.3402	   85.7730	  10624	 5.2911677	   64.3072	   14.4917	   70.5939	   2656	bidTrue--chu757--dro0.008--dro0.001--entTrue--hid459--lea0.000--nontanh--nonFalse--simcos--spe134--wei1.804--58
   26	  429	  1	 5.1438246	   81.8053	   26.1989	   86.7175	  10624	 5.2850108	   65.0979	   14.9644	   71.1554	   2656	bidTrue--chu757--dro0.008--dro0.001--entTrue--hid459--lea0.000--nontanh--nonFalse--simcos--spe134--wei1.804--58
   27	  445	  1	 5.1387177	   82.3136	   28.2024	   87.2540	  10624	 5.2810888	   65.4744	   15.1004	   72.2259	   2656	bidTrue--chu757--dro0.008--dro0.001--entTrue--hid459--lea0.000--nontanh--nonFalse--simcos--spe134--wei1.804--58
   28	  460	  1	 5.1310072	   82.7748	   30.3847	   87.4687	  10624	 5.2800159	   64.6837	   15.4229	   70.8640	   2656	bidTrue--chu757--dro0.008--dro0.001--entTrue--hid459--lea0.000--nontanh--nonFalse--simcos--spe134--wei1.804--58
   29	  476	  1	 5.1231885	   83.3961	   33.1781	   88.1895	  10624	 5.2764606	   64.5708	   15.7039	   71.1977	   2656	bidTrue--chu757--dro0.008--dro0.001--entTrue--hid459--lea0.000--nontanh--nonFalse--simcos--spe134--wei1.804--58
   30	  492	  1	 5.1201162	   84.7703	   36.4553	   89.3473	  10624	 5.2761393	   65.8886	   17.7614	   72.3646	   2656	bidTrue--chu757--dro0.008--dro0.001--entTrue--hid459--lea0.000--nontanh--nonFalse--simcos--spe134--wei1.804--58
   31	  508	  1	 5.1096931	   85.0998	   37.4530	   89.3915	  10624	 5.2683849	   65.9262	   16.9971	   72.1635	   2656	bidTrue--chu757--dro0.008--dro0.001--entTrue--hid459--lea0.000--nontanh--nonFalse--simcos--spe134--wei1.804--58
   32	  524	  1	 5.1017566	   85.6739	   39.9900	   90.0032	  10624	 5.2614417	   66.2651	   17.5105	   72.5734	   2656	bidTrue--chu757--dro0.008--dro0.001--entTrue--hid459--lea0.000--nontanh--nonFalse--simcos--spe134--wei1.804--58
   33	  540	  1	 5.0957355	   86.1163	   42.2235	   90.4644	  10624	 5.2606683	   66.1521	   18.4551	   72.5922	   2656	bidTrue--chu757--dro0.008--dro0.001--entTrue--hid459--lea0.000--nontanh--nonFalse--simcos--spe134--wei1.804--58
   34	  555	  1	 5.0898228	   86.9541	   44.0189	   90.9089	  10624	 5.2583971	   66.6039	   17.9336	   73.1150	   2656	bidTrue--chu757--dro0.008--dro0.001--entTrue--hid459--lea0.000--nontanh--nonFalse--simcos--spe134--wei1.804--58
   35	  571	  1	 5.0835919	   87.5188	   47.5759	   91.4814	  10624	 5.2564087	   66.5286	   17.8734	   74.0719	   2656	bidTrue--chu757--dro0.008--dro0.001--entTrue--hid459--lea0.000--nontanh--nonFalse--simcos--spe134--wei1.804--58
   36	  586	  1	 5.0761371	   87.9989	   49.7527	   92.0404	  10624	 5.2526388	   66.6792	   18.5518	   73.4197	   2656	bidTrue--chu757--dro0.008--dro0.001--entTrue--hid459--lea0.000--nontanh--nonFalse--simcos--spe134--wei1.804--58
   37	  602	  1	 5.0723014	   88.4507	   52.1625	   92.3847	  10624	 5.2488303	   66.7545	   17.7369	   73.7189	   2656	bidTrue--chu757--dro0.008--dro0.001--entTrue--hid459--lea0.000--nontanh--nonFalse--simcos--spe134--wei1.804--58
   38	  617	  1	 5.0653343	   89.1378	   55.8337	   92.7054	  10624	 5.2478986	   66.7545	   17.9002	   73.8377	   2656	bidTrue--chu757--dro0.008--dro0.001--entTrue--hid459--lea0.000--nontanh--nonFalse--simcos--spe134--wei1.804--58
   39	  633	  1	 5.0585017	   89.4014	   55.9504	   92.9513	  10624	 5.2418981	   66.8298	   18.5516	   73.6577	   2656	bidTrue--chu757--dro0.008--dro0.001--entTrue--hid459--lea0.000--nontanh--nonFalse--simcos--spe134--wei1.804--58
   40	  649	  1	 5.0541501	   90.0885	   60.7619	   93.3472	  10624	 5.2428694	   66.6039	   17.5137	   74.0149	   2656	bidTrue--chu757--dro0.008--dro0.001--entTrue--hid459--lea0.000--nontanh--nonFalse--simcos--spe134--wei1.804--58
   41	  665	  1	 5.0481935	   90.4085	   61.2440	   93.6090	  10624	 5.2393451	   66.8298	   17.6998	   74.0496	   2656	bidTrue--chu757--dro0.008--dro0.001--entTrue--hid459--lea0.000--nontanh--nonFalse--simcos--spe134--wei1.804--58
   42	  681	  1	 5.0420003	   90.9262	   63.7810	   93.8788	  10624	 5.2352600	   66.7922	   17.9819	   73.2911	   2656	bidTrue--chu757--dro0.008--dro0.001--entTrue--hid459--lea0.000--nontanh--nonFalse--simcos--spe134--wei1.804--58
   43	  697	  1	 5.0373669	   91.1239	   64.8511	   94.0643	  10624	 5.2313766	   66.8298	   18.1615	   73.3903	   2656	bidTrue--chu757--dro0.008--dro0.001--entTrue--hid459--lea0.000--nontanh--nonFalse--simcos--spe134--wei1.804--58
   44	  713	  1	 5.0326347	   91.6510	   66.4804	   94.4479	  10624	 5.2297802	   66.7169	   18.3367	   73.3754	   2656	bidTrue--chu757--dro0.008--dro0.001--entTrue--hid459--lea0.000--nontanh--nonFalse--simcos--spe134--wei1.804--58
   45	  729	  1	 5.0299850	   91.4910	   66.9680	   94.2294	  10624	 5.2245526	   66.6792	   18.1592	   73.3438	   2656	bidTrue--chu757--dro0.008--dro0.001--entTrue--hid459--lea0.000--nontanh--nonFalse--simcos--spe134--wei1.804--58
   46	  745	  1	 5.0244074	   92.2157	   69.5987	   94.7977	  10624	 5.2246227	   66.2651	   17.9468	   72.3830	   2656	bidTrue--chu757--dro0.008--dro0.001--entTrue--hid459--lea0.000--nontanh--nonFalse--simcos--spe134--wei1.804--58
   47	  761	  1	 5.0185580	   92.4699	   69.5886	   95.2403	  10624	 5.2191010	   66.8675	   18.2564	   73.6504	   2656	bidTrue--chu757--dro0.008--dro0.001--entTrue--hid459--lea0.000--nontanh--nonFalse--simcos--spe134--wei1.804--58
   48	  776	  1	 5.0105577	   92.9311	   71.2507	   95.4434	  10624	 5.2137742	   67.0934	   18.4028	   74.0319	   2656	bidTrue--chu757--dro0.008--dro0.001--entTrue--hid459--lea0.000--nontanh--nonFalse--simcos--spe134--wei1.804--58
   49	  792	  1	 5.0062027	   93.0817	   72.4693	   95.4000	  10624	 5.2089424	   67.2063	   18.2426	   73.5723	   2656	bidTrue--chu757--dro0.008--dro0.001--entTrue--hid459--lea0.000--nontanh--nonFalse--simcos--spe134--wei1.804--58
   -1	    0	  2	 5.9814086	    0.1129	    0.0241	    7.0174	  10625	 5.9829116	    0.0000	    0.0000	    7.5409	   2655	bidTrue--chu757--dro0.008--dro0.001--entTrue--hid459--lea0.000--nontanh--nonFalse--simcos--spe134--wei1.804--58
    0	   16	  2	 5.5508494	   40.4329	    1.5416	   42.5235	  10625	 5.5612478	   39.6987	    3.4431	   42.2003	   2655	bidTrue--chu757--dro0.008--dro0.001--entTrue--hid459--lea0.000--nontanh--nonFalse--simcos--spe134--wei1.804--58
    1	   32	  2	 5.5101056	   41.8918	    2.1468	   43.6211	  10625	 5.5237942	   40.5273	    4.1179	   42.3636	   2655	bidTrue--chu757--dro0.008--dro0.001--entTrue--hid459--lea0.000--nontanh--nonFalse--simcos--spe134--wei1.804--58
    2	   48	  2	 5.4784555	   44.0847	    5.2280	   46.0014	  10625	 5.4990773	   41.4313	    5.2085	   43.7528	   2655	bidTrue--chu757--dro0.008--dro0.001--entTrue--hid459--lea0.000--nontanh--nonFalse--simcos--spe134--wei1.804--58
    3	   64	  2	 5.4513001	   47.0024	    8.3005	   49.5124	  10625	 5.4754739	   44.8588	    7.4769	   48.0253	   2655	bidTrue--chu757--dro0.008--dro0.001--entTrue--hid459--lea0.000--nontanh--nonFalse--simcos--spe134--wei1.804--58
    4	   80	  2	 5.4295783	   50.0424	   11.1190	   53.0794	  10625	 5.4591203	   47.3446	    9.6733	   51.3935	   2655	bidTrue--chu757--dro0.008--dro0.001--entTrue--hid459--lea0.000--nontanh--nonFalse--simcos--spe134--wei1.804--58
    5	   96	  2	 5.4064384	   51.1906	   12.0152	   55.0152	  10625	 5.4378533	   48.8136	   11.4416	   53.3393	   2655	bidTrue--chu757--dro0.008--dro0.001--entTrue--hid459--lea0.000--nontanh--nonFalse--simcos--spe134--wei1.804--58
    6	  112	  2	 5.3819208	   56.4894	   13.5426	   60.7223	  10625	 5.4202490	   52.8437	   12.2130	   57.4509	   2655	bidTrue--chu757--dro0.008--dro0.001--entTrue--hid459--lea0.000--nontanh--nonFalse--simcos--spe134--wei1.804--58
    7	  128	  2	 5.3613257	   59.3788	   14.8792	   63.7784	  10625	 5.4048667	   54.3879	   13.0618	   59.0371	   2655	bidTrue--chu757--dro0.008--dro0.001--entTrue--hid459--lea0.000--nontanh--nonFalse--simcos--spe134--wei1.804--58
    8	  144	  2	 5.3423252	   60.8471	   14.8485	   65.6521	  10625	 5.3904991	   55.7439	   13.1450	   60.4126	   2655	bidTrue--chu757--dro0.008--dro0.001--entTrue--hid459--lea0.000--nontanh--nonFalse--simcos--spe134--wei1.804--58
    9	  160	  2	 5.3254061	   62.7765	   15.1623	   67.4888	  10625	 5.3785319	   57.3635	   13.7440	   61.9284	   2655	bidTrue--chu757--dro0.008--dro0.001--entTrue--hid459--lea0.000--nontanh--nonFalse--simcos--spe134--wei1.804--58
   10	  176	  2	 5.3094397	   64.2165	   15.6442	   68.9476	  10625	 5.3685575	   59.2090	   14.3991	   63.8262	   2655	bidTrue--chu757--dro0.008--dro0.001--entTrue--hid459--lea0.000--nontanh--nonFalse--simcos--spe134--wei1.804--58
   11	  192	  2	 5.2970953	   65.1106	   16.1182	   70.2057	  10625	 5.3611646	   59.6234	   14.4418	   64.5953	   2655	bidTrue--chu757--dro0.008--dro0.001--entTrue--hid459--lea0.000--nontanh--nonFalse--simcos--spe134--wei1.804--58
   12	  207	  2	 5.2801995	   67.1624	   16.3488	   71.5655	  10625	 5.3479433	   60.9040	   13.8635	   65.5952	   2655	bidTrue--chu757--dro0.008--dro0.001--entTrue--hid459--lea0.000--nontanh--nonFalse--simcos--spe134--wei1.804--58
   13	  223	  2	 5.2713690	   68.8094	   16.7905	   73.1008	  10625	 5.3430376	   61.9962	   13.9329	   66.8097	   2655	bidTrue--chu757--dro0.008--dro0.001--entTrue--hid459--lea0.000--nontanh--nonFalse--simcos--spe134--wei1.804--58
   14	  239	  2	 5.2557197	   69.7600	   17.3207	   74.6870	  10625	 5.3387442	   62.3352	   14.0556	   67.7152	   2655	bidTrue--chu757--dro0.008--dro0.001--entTrue--hid459--lea0.000--nontanh--nonFalse--simcos--spe134--wei1.804--58
   15	  254	  2	 5.2438250	   71.9529	   17.7134	   76.3310	  10625	 5.3246684	   63.6158	   14.5766	   68.2428	   2655	bidTrue--chu757--dro0.008--dro0.001--entTrue--hid459--lea0.000--nontanh--nonFalse--simcos--spe134--wei1.804--58
   16	  269	  2	 5.2286921	   74.0988	   18.4695	   79.0071	  10625	 5.3189631	   63.9548	   14.9564	   69.1298	   2655	bidTrue--chu757--dro0.008--dro0.001--entTrue--hid459--lea0.000--nontanh--nonFalse--simcos--spe134--wei1.804--58
   17	  285	  2	 5.2102914	   75.3412	   19.1630	   80.3303	  10625	 5.3069739	   65.5367	   15.7145	   70.4345	   2655	bidTrue--chu757--dro0.008--dro0.001--entTrue--hid459--lea0.000--nontanh--nonFalse--simcos--spe134--wei1.804--58
   18	  301	  2	 5.2020950	   75.4541	   20.3552	   80.0530	  10625	 5.3031464	   65.2354	   15.8918	   69.6440	   2655	bidTrue--chu757--dro0.008--dro0.001--entTrue--hid459--lea0.000--nontanh--nonFalse--simcos--spe134--wei1.804--58
   19	  317	  2	 5.1905513	   77.0259	   21.3284	   82.1210	  10625	 5.2987781	   65.8380	   15.7343	   70.9048	   2655	bidTrue--chu757--dro0.008--dro0.001--entTrue--hid459--lea0.000--nontanh--nonFalse--simcos--spe134--wei1.804--58
   20	  332	  2	 5.1777244	   78.2965	   23.1457	   83.4367	  10625	 5.2890859	   66.2147	   15.7992	   71.5465	   2655	bidTrue--chu757--dro0.008--dro0.001--entTrue--hid459--lea0.000--nontanh--nonFalse--simcos--spe134--wei1.804--58
   21	  348	  2	 5.1732359	   78.8518	   24.4436	   84.0330	  10625	 5.2899861	   66.2900	   17.8885	   71.4735	   2655	bidTrue--chu757--dro0.008--dro0.001--entTrue--hid459--lea0.000--nontanh--nonFalse--simcos--spe134--wei1.804--58
   22	  364	  2	 5.1733308	   77.6000	   25.4943	   82.4293	  10625	 5.2818007	   66.5537	   18.1762	   71.7043	   2655	bidTrue--chu757--dro0.008--dro0.001--entTrue--hid459--lea0.000--nontanh--nonFalse--simcos--spe134--wei1.804--58
   23	  380	  2	 5.1549783	   80.4329	   28.6319	   85.6424	  10625	 5.2774186	   67.1563	   17.8904	   72.8818	   2655	bidTrue--chu757--dro0.008--dro0.001--entTrue--hid459--lea0.000--nontanh--nonFalse--simcos--spe134--wei1.804--58
   24	  396	  2	 5.1450973	   81.2988	   30.3140	   86.1342	  10625	 5.2702022	   68.0979	   19.7341	   73.3547	   2655	bidTrue--chu757--dro0.008--dro0.001--entTrue--hid459--lea0.000--nontanh--nonFalse--simcos--spe134--wei1.804--58
   25	  412	  2	 5.1335573	   82.5506	   33.9289	   87.4278	  10625	 5.2643023	   68.2486	   20.5852	   73.7527	   2655	bidTrue--chu757--dro0.008--dro0.001--entTrue--hid459--lea0.000--nontanh--nonFalse--simcos--spe134--wei1.804--58
   26	  427	  2	 5.1259623	   83.0776	   35.7511	   88.0306	  10625	 5.2594872	   68.3992	   21.7716	   73.9265	   2655	bidTrue--chu757--dro0.008--dro0.001--entTrue--hid459--lea0.000--nontanh--nonFalse--simcos--spe134--wei1.804--58
   27	  443	  2	 5.1214776	   83.2376	   37.2080	   88.0636	  10625	 5.2612047	   67.0056	   21.9955	   73.3615	   2655	bidTrue--chu757--dro0.008--dro0.001--entTrue--hid459--lea0.000--nontanh--nonFalse--simcos--spe134--wei1.804--58
   28	  459	  2	 5.1111984	   84.8188	   40.1575	   89.6098	  10625	 5.2552376	   68.3616	   23.0144	   74.5193	   2655	bidTrue--chu757--dro0.008--dro0.001--entTrue--hid459--lea0.000--nontanh--nonFalse--simcos--spe134--wei1.804--58
   29	  475	  2	 5.1059504	   84.8376	   41.5939	   89.2970	  10625	 5.2492433	   68.9266	   23.4562	   74.0184	   2655	bidTrue--chu757--dro0.008--dro0.001--entTrue--hid459--lea0.000--nontanh--nonFalse--simcos--spe134--wei1.804--58
   30	  491	  2	 5.0947752	   85.8541	   44.3116	   90.0867	  10625	 5.2441926	   68.9642	   23.3782	   74.2921	   2655	bidTrue--chu757--dro0.008--dro0.001--entTrue--hid459--lea0.000--nontanh--nonFalse--simcos--spe134--wei1.804--58
   31	  507	  2	 5.0870633	   86.9647	   48.8815	   91.2949	  10625	 5.2426610	   69.2655	   23.6534	   75.4031	   2655	bidTrue--chu757--dro0.008--dro0.001--entTrue--hid459--lea0.000--nontanh--nonFalse--simcos--spe134--wei1.804--58
   32	  523	  2	 5.0843363	   86.9459	   49.4859	   91.1126	  10625	 5.2410860	   68.8512	   24.1099	   74.4757	   2655	bidTrue--chu757--dro0.008--dro0.001--entTrue--hid459--lea0.000--nontanh--nonFalse--simcos--spe134--wei1.804--58
   33	  539	  2	 5.0843015	   86.2212	   47.7398	   90.4868	  10625	 5.2368550	   68.3239	   23.6449	   73.4694	   2655	bidTrue--chu757--dro0.008--dro0.001--entTrue--hid459--lea0.000--nontanh--nonFalse--simcos--spe134--wei1.804--58
   34	  555	  2	 5.0733352	   88.0282	   52.7582	   91.7086	  10625	 5.2349162	   68.7006	   23.9189	   74.9055	   2655	bidTrue--chu757--dro0.008--dro0.001--entTrue--hid459--lea0.000--nontanh--nonFalse--simcos--spe134--wei1.804--58
   35	  571	  2	 5.0638289	   88.7341	   55.2978	   92.1762	  10625	 5.2308764	   67.7966	   24.0321	   74.5555	   2655	bidTrue--chu757--dro0.008--dro0.001--entTrue--hid459--lea0.000--nontanh--nonFalse--simcos--spe134--wei1.804--58
   36	  586	  2	 5.0559082	   89.6376	   57.9185	   93.1606	  10625	 5.2236996	   69.6798	   23.6316	   75.5429	   2655	bidTrue--chu757--dro0.008--dro0.001--entTrue--hid459--lea0.000--nontanh--nonFalse--simcos--spe134--wei1.804--58
   37	  602	  2	 5.0500293	   89.9200	   58.8750	   93.2924	  10625	 5.2210994	   69.2655	   23.9504	   75.1723	   2655	bidTrue--chu757--dro0.008--dro0.001--entTrue--hid459--lea0.000--nontanh--nonFalse--simcos--spe134--wei1.804--58
   38	  618	  2	 5.0453711	   90.2024	   58.3930	   93.3198	  10625	 5.2187033	   69.5669	   24.6618	   75.2587	   2655	bidTrue--chu757--dro0.008--dro0.001--entTrue--hid459--lea0.000--nontanh--nonFalse--simcos--spe134--wei1.804--58
   39	  634	  2	 5.0369220	   91.4635	   64.6668	   94.3815	  10625	 5.2168121	   69.2279	   24.1776	   75.9900	   2655	bidTrue--chu757--dro0.008--dro0.001--entTrue--hid459--lea0.000--nontanh--nonFalse--simcos--spe134--wei1.804--58
   40	  650	  2	 5.0312862	   91.2941	   64.0896	   94.1526	  10625	 5.2103205	   69.3409	   24.0717	   75.2288	   2655	bidTrue--chu757--dro0.008--dro0.001--entTrue--hid459--lea0.000--nontanh--nonFalse--simcos--spe134--wei1.804--58
   41	  666	  2	 5.0267377	   91.5671	   65.2679	   94.2180	  10625	 5.2117066	   67.7589	   24.1585	   74.5970	   2655	bidTrue--chu757--dro0.008--dro0.001--entTrue--hid459--lea0.000--nontanh--nonFalse--simcos--spe134--wei1.804--58
   42	  682	  2	 5.0188437	   92.1506	   68.0233	   94.8358	  10625	 5.2010131	   69.7928	   24.4696	   75.6253	   2655	bidTrue--chu757--dro0.008--dro0.001--entTrue--hid459--lea0.000--nontanh--nonFalse--simcos--spe134--wei1.804--58
   43	  698	  2	 5.0133810	   92.8659	   70.8969	   95.2001	  10625	 5.2004027	   69.1902	   24.0978	   75.5680	   2655	bidTrue--chu757--dro0.008--dro0.001--entTrue--hid459--lea0.000--nontanh--nonFalse--simcos--spe134--wei1.804--58
   44	  714	  2	 5.0100603	   92.4706	   68.3346	   94.9867	  10625	 5.1920724	   69.2655	   24.6040	   74.5812	   2655	bidTrue--chu757--dro0.008--dro0.001--entTrue--hid459--lea0.000--nontanh--nonFalse--simcos--spe134--wei1.804--58
   45	  730	  2	 5.0035439	   93.2329	   72.8552	   95.5329	  10625	 5.2002854	   68.0979	   24.0205	   75.3160	   2655	bidTrue--chu757--dro0.008--dro0.001--entTrue--hid459--lea0.000--nontanh--nonFalse--simcos--spe134--wei1.804--58
   46	  746	  2	 4.9994960	   93.6471	   74.0759	   95.9010	  10625	 5.1893711	   69.0019	   24.1833	   76.4218	   2655	bidTrue--chu757--dro0.008--dro0.001--entTrue--hid459--lea0.000--nontanh--nonFalse--simcos--spe134--wei1.804--58
   47	  762	  2	 4.9918265	   93.5529	   73.6735	   95.7041	  10625	 5.1780977	   69.7552	   24.0175	   75.3450	   2655	bidTrue--chu757--dro0.008--dro0.001--entTrue--hid459--lea0.000--nontanh--nonFalse--simcos--spe134--wei1.804--58
   48	  778	  2	 4.9867353	   94.4376	   76.9612	   96.1821	  10625	 5.1824765	   68.8512	   24.1441	   75.5111	   2655	bidTrue--chu757--dro0.008--dro0.001--entTrue--hid459--lea0.000--nontanh--nonFalse--simcos--spe134--wei1.804--58
   49	  794	  2	 4.9815454	   93.6000	   74.3511	   95.6650	  10625	 5.1742845	   68.3616	   23.9420	   74.5478	   2655	bidTrue--chu757--dro0.008--dro0.001--entTrue--hid459--lea0.000--nontanh--nonFalse--simcos--spe134--wei1.804--58
   -1	    0	  3	 6.0123091	    0.0565	    0.0285	    7.2623	  10627	 6.0120873	    0.0377	    0.1639	    6.6551	   2653	bidTrue--chu757--dro0.008--dro0.001--entTrue--hid459--lea0.000--nontanh--nonFalse--simcos--spe134--wei1.804--58
    0	   17	  3	 5.5515714	   40.6606	    1.1235	   43.6661	  10627	 5.5544634	   38.8240	    2.6828	   40.6322	   2653	bidTrue--chu757--dro0.008--dro0.001--entTrue--hid459--lea0.000--nontanh--nonFalse--simcos--spe134--wei1.804--58
    1	   33	  3	 5.5187030	   41.4040	    1.3229	   44.7108	  10627	 5.5244570	   39.8040	    3.0015	   41.4005	   2653	bidTrue--chu757--dro0.008--dro0.001--entTrue--hid459--lea0.000--nontanh--nonFalse--simcos--spe134--wei1.804--58
    2	   50	  3	 5.4930468	   43.2954	    2.4236	   46.4517	  10627	 5.4984465	   40.5579	    3.7723	   42.2556	   2653	bidTrue--chu757--dro0.008--dro0.001--entTrue--hid459--lea0.000--nontanh--nonFalse--simcos--spe134--wei1.804--58
    3	   67	  3	 5.4691858	   45.4691	    3.9654	   48.3696	  10627	 5.4753604	   42.6687	    6.0447	   44.2938	   2653	bidTrue--chu757--dro0.008--dro0.001--entTrue--hid459--lea0.000--nontanh--nonFalse--simcos--spe134--wei1.804--58
    4	   84	  3	 5.4464202	   47.5581	    6.4371	   50.6868	  10627	 5.4524555	   44.0256	    8.0483	   46.5290	   2653	bidTrue--chu757--dro0.008--dro0.001--entTrue--hid459--lea0.000--nontanh--nonFalse--simcos--spe134--wei1.804--58
    5	  101	  3	 5.4256268	   50.2305	    9.6702	   53.4297	  10627	 5.4336348	   46.5511	    9.2854	   49.4766	   2653	bidTrue--chu757--dro0.008--dro0.001--entTrue--hid459--lea0.000--nontanh--nonFalse--simcos--spe134--wei1.804--58
    6	  118	  3	 5.4064059	   52.9312	   10.8487	   56.6157	  10627	 5.4143162	   49.9812	   11.9633	   53.0938	   2653	bidTrue--chu757--dro0.008--dro0.001--entTrue--hid459--lea0.000--nontanh--nonFalse--simcos--spe134--wei1.804--58
    7	  134	  3	 5.3892212	   55.8860	   12.3749	   59.7596	  10627	 5.4013743	   53.3358	   12.8810	   56.7348	   2653	bidTrue--chu757--dro0.008--dro0.001--entTrue--hid459--lea0.000--nontanh--nonFalse--simcos--spe134--wei1.804--58
    8	  150	  3	 5.3671980	   59.0853	   12.7550	   63.4639	  10627	 5.3792210	   58.0098	   14.8061	   61.3450	   2653	bidTrue--chu757--dro0.008--dro0.001--entTrue--hid459--lea0.000--nontanh--nonFalse--simcos--spe134--wei1.804--58
    9	  167	  3	 5.3485060	   62.0213	   13.1367	   66.7055	  10627	 5.3696852	   60.6483	   15.5077	   64.8092	   2653	bidTrue--chu757--dro0.008--dro0.001--entTrue--hid459--lea0.000--nontanh--nonFalse--simcos--spe134--wei1.804--58
   10	  184	  3	 5.3327975	   63.2916	   13.7389	   68.2166	  10627	 5.3559918	   61.5153	   16.6015	   65.8568	   2653	bidTrue--chu757--dro0.008--dro0.001--entTrue--hid459--lea0.000--nontanh--nonFalse--simcos--spe134--wei1.804--58
   11	  199	  3	 5.3117795	   65.3712	   13.9294	   70.2256	  10627	 5.3419847	   62.4199	   16.9196	   66.6327	   2653	bidTrue--chu757--dro0.008--dro0.001--entTrue--hid459--lea0.000--nontanh--nonFalse--simcos--spe134--wei1.804--58
   12	  216	  3	 5.2959447	   66.9992	   14.4098	   71.8456	  10627	 5.3309011	   63.2492	   17.3481	   67.1739	   2653	bidTrue--chu757--dro0.008--dro0.001--entTrue--hid459--lea0.000--nontanh--nonFalse--simcos--spe134--wei1.804--58
   13	  233	  3	 5.2815366	   68.0625	   14.7172	   72.9603	  10627	 5.3197002	   64.7569	   18.1854	   68.8881	   2653	bidTrue--chu757--dro0.008--dro0.001--entTrue--hid459--lea0.000--nontanh--nonFalse--simcos--spe134--wei1.804--58
   14	  250	  3	 5.2642789	   70.2174	   15.3659	   75.2076	  10627	 5.3092513	   65.6238	   18.9563	   70.0854	   2653	bidTrue--chu757--dro0.008--dro0.001--entTrue--hid459--lea0.000--nontanh--nonFalse--simcos--spe134--wei1.804--58
   15	  267	  3	 5.2534065	   71.1019	   15.5307	   76.1164	  10627	 5.2998624	   66.4908	   19.4167	   70.1564	   2653	bidTrue--chu757--dro0.008--dro0.001--entTrue--hid459--lea0.000--nontanh--nonFalse--simcos--spe134--wei1.804--58
   16	  284	  3	 5.2394991	   73.2286	   16.7889	   78.2985	  10627	 5.2998862	   66.4531	   19.8989	   71.1547	   2653	bidTrue--chu757--dro0.008--dro0.001--entTrue--hid459--lea0.000--nontanh--nonFalse--simcos--spe134--wei1.804--58
   17	  300	  3	 5.2274489	   74.0284	   16.9910	   79.0918	  10627	 5.2921700	   67.3954	   19.9255	   71.5205	   2653	bidTrue--chu757--dro0.008--dro0.001--entTrue--hid459--lea0.000--nontanh--nonFalse--simcos--spe134--wei1.804--58
   18	  316	  3	 5.2157645	   75.2705	   17.4226	   80.1255	  10627	 5.2796345	   68.8277	   21.3724	   72.5858	   2653	bidTrue--chu757--dro0.008--dro0.001--entTrue--hid459--lea0.000--nontanh--nonFalse--simcos--spe134--wei1.804--58
   19	  333	  3	 5.2036128	   76.5315	   18.9689	   81.5890	  10627	 5.2738810	   69.3931	   21.5226	   74.2011	   2653	bidTrue--chu757--dro0.008--dro0.001--entTrue--hid459--lea0.000--nontanh--nonFalse--simcos--spe134--wei1.804--58
   20	  348	  3	 5.1940050	   77.5195	   19.5311	   82.5434	  10627	 5.2676239	   70.2601	   21.3945	   74.8833	   2653	bidTrue--chu757--dro0.008--dro0.001--entTrue--hid459--lea0.000--nontanh--nonFalse--simcos--spe134--wei1.804--58
   21	  364	  3	 5.1822958	   78.3194	   20.8278	   83.4202	  10627	 5.2597828	   70.3732	   21.7029	   75.4371	   2653	bidTrue--chu757--dro0.008--dro0.001--entTrue--hid459--lea0.000--nontanh--nonFalse--simcos--spe134--wei1.804--58
   22	  380	  3	 5.1761055	   79.2039	   22.1527	   83.9589	  10627	 5.2615104	   69.9962	   22.6531	   75.0152	   2653	bidTrue--chu757--dro0.008--dro0.001--entTrue--hid459--lea0.000--nontanh--nonFalse--simcos--spe134--wei1.804--58
   23	  397	  3	 5.1661487	   79.6180	   23.2846	   84.3715	  10627	 5.2532158	   70.1093	   22.5939	   75.1127	   2653	bidTrue--chu757--dro0.008--dro0.001--entTrue--hid459--lea0.000--nontanh--nonFalse--simcos--spe134--wei1.804--58
   24	  414	  3	 5.1557140	   80.9259	   26.4974	   85.9879	  10627	 5.2457552	   70.5993	   22.5399	   75.9547	   2653	bidTrue--chu757--dro0.008--dro0.001--entTrue--hid459--lea0.000--nontanh--nonFalse--simcos--spe134--wei1.804--58
   25	  430	  3	 5.1496172	   81.4341	   26.7829	   86.4015	  10627	 5.2413521	   71.6924	   23.7956	   77.1709	   2653	bidTrue--chu757--dro0.008--dro0.001--entTrue--hid459--lea0.000--nontanh--nonFalse--simcos--spe134--wei1.804--58
   26	  447	  3	 5.1428332	   82.6292	   31.6813	   87.6381	  10627	 5.2419877	   70.9763	   22.5849	   76.5884	   2653	bidTrue--chu757--dro0.008--dro0.001--entTrue--hid459--lea0.000--nontanh--nonFalse--simcos--spe134--wei1.804--58
   27	  463	  3	 5.1354041	   82.8926	   31.9878	   87.9599	  10627	 5.2391815	   70.5993	   22.8287	   76.1996	   2653	bidTrue--chu757--dro0.008--dro0.001--entTrue--hid459--lea0.000--nontanh--nonFalse--simcos--spe134--wei1.804--58
   28	  480	  3	 5.1260252	   83.2879	   33.6071	   87.8247	  10627	 5.2304811	   70.8632	   21.9728	   75.8179	   2653	bidTrue--chu757--dro0.008--dro0.001--entTrue--hid459--lea0.000--nontanh--nonFalse--simcos--spe134--wei1.804--58
   29	  496	  3	 5.1204233	   84.3982	   36.7273	   89.4118	  10627	 5.2328777	   71.0516	   22.2876	   77.2436	   2653	bidTrue--chu757--dro0.008--dro0.001--entTrue--hid459--lea0.000--nontanh--nonFalse--simcos--spe134--wei1.804--58
   30	  513	  3	 5.1183872	   84.6711	   39.1160	   89.8549	  10627	 5.2308383	   70.7878	   22.7515	   77.6301	   2653	bidTrue--chu757--dro0.008--dro0.001--entTrue--hid459--lea0.000--nontanh--nonFalse--simcos--spe134--wei1.804--58
   31	  529	  3	 5.1046276	   85.6592	   41.8061	   90.0557	  10627	 5.2214632	   71.2778	   22.1615	   77.4907	   2653	bidTrue--chu757--dro0.008--dro0.001--entTrue--hid459--lea0.000--nontanh--nonFalse--simcos--spe134--wei1.804--58
   32	  546	  3	 5.0986652	   85.6686	   42.1756	   89.9374	  10627	 5.2154422	   71.4286	   23.5178	   76.8396	   2653	bidTrue--chu757--dro0.008--dro0.001--entTrue--hid459--lea0.000--nontanh--nonFalse--simcos--spe134--wei1.804--58
   33	  562	  3	 5.0958185	   86.2426	   45.8682	   90.5489	  10627	 5.2149630	   70.9009	   23.8935	   76.7566	   2653	bidTrue--chu757--dro0.008--dro0.001--entTrue--hid459--lea0.000--nontanh--nonFalse--simcos--spe134--wei1.804--58
   34	  579	  3	 5.0854049	   86.9860	   48.1111	   90.8908	  10627	 5.2075233	   71.5793	   23.5046	   76.5770	   2653	bidTrue--chu757--dro0.008--dro0.001--entTrue--hid459--lea0.000--nontanh--nonFalse--simcos--spe134--wei1.804--58
   35	  596	  3	 5.0823359	   88.6704	   53.6023	   92.3958	  10627	 5.2166386	   70.9386	   23.2534	   77.2335	   2653	bidTrue--chu757--dro0.008--dro0.001--entTrue--hid459--lea0.000--nontanh--nonFalse--simcos--spe134--wei1.804--58
   36	  611	  3	 5.0707445	   88.1999	   51.4172	   91.7603	  10627	 5.2002959	   71.5417	   24.0966	   76.9703	   2653	bidTrue--chu757--dro0.008--dro0.001--entTrue--hid459--lea0.000--nontanh--nonFalse--simcos--spe134--wei1.804--58
   37	  627	  3	 5.0684881	   89.1315	   54.7445	   92.6976	  10627	 5.2025099	   71.2778	   23.9041	   77.1636	   2653	bidTrue--chu757--dro0.008--dro0.001--entTrue--hid459--lea0.000--nontanh--nonFalse--simcos--spe134--wei1.804--58
   38	  643	  3	 5.0595503	   89.6866	   58.1329	   93.2035	  10627	 5.1985912	   71.5793	   24.0719	   77.7421	   2653	bidTrue--chu757--dro0.008--dro0.001--entTrue--hid459--lea0.000--nontanh--nonFalse--simcos--spe134--wei1.804--58
   39	  659	  3	 5.0544243	   90.2042	   60.0955	   93.3837	  10627	 5.1947126	   71.3909	   24.4228	   77.1557	   2653	bidTrue--chu757--dro0.008--dro0.001--entTrue--hid459--lea0.000--nontanh--nonFalse--simcos--spe134--wei1.804--58
   40	  675	  3	 5.0510511	   91.0605	   63.6946	   94.3087	  10627	 5.1955318	   72.1070	   23.7285	   78.5275	   2653	bidTrue--chu757--dro0.008--dro0.001--entTrue--hid459--lea0.000--nontanh--nonFalse--simcos--spe134--wei1.804--58
   41	  692	  3	 5.0449018	   90.6088	   62.5192	   93.4618	  10627	 5.1898842	   71.4663	   23.9678	   76.8142	   2653	bidTrue--chu757--dro0.008--dro0.001--entTrue--hid459--lea0.000--nontanh--nonFalse--simcos--spe134--wei1.804--58
   42	  709	  3	 5.0395064	   91.7004	   64.7374	   94.6006	  10627	 5.1887217	   71.7678	   23.5761	   77.6034	   2653	bidTrue--chu757--dro0.008--dro0.001--entTrue--hid459--lea0.000--nontanh--nonFalse--simcos--spe134--wei1.804--58
   43	  726	  3	 5.0324116	   91.7192	   65.4939	   94.6070	  10627	 5.1840086	   71.4663	   24.3947	   77.2781	   2653	bidTrue--chu757--dro0.008--dro0.001--entTrue--hid459--lea0.000--nontanh--nonFalse--simcos--spe134--wei1.804--58
   44	  743	  3	 5.0262928	   92.3309	   67.5726	   95.1048	  10627	 5.1756430	   72.1447	   23.7796	   78.2208	   2653	bidTrue--chu757--dro0.008--dro0.001--entTrue--hid459--lea0.000--nontanh--nonFalse--simcos--spe134--wei1.804--58
   45	  760	  3	 5.0220127	   91.9639	   67.1020	   94.4758	  10627	 5.1692910	   71.5040	   25.2941	   76.3789	   2653	bidTrue--chu757--dro0.008--dro0.001--entTrue--hid459--lea0.000--nontanh--nonFalse--simcos--spe134--wei1.804--58
   46	  776	  3	 5.0172834	   92.6978	   68.9210	   95.1600	  10627	 5.1712089	   71.5417	   25.3028	   76.7320	   2653	bidTrue--chu757--dro0.008--dro0.001--entTrue--hid459--lea0.000--nontanh--nonFalse--simcos--spe134--wei1.804--58
   47	  793	  3	 5.0104189	   92.9896	   69.7342	   95.3499	  10627	 5.1660390	   71.8809	   25.0586	   76.9551	   2653	bidTrue--chu757--dro0.008--dro0.001--entTrue--hid459--lea0.000--nontanh--nonFalse--simcos--spe134--wei1.804--58
   48	  810	  3	 5.0044637	   93.2530	   71.4555	   95.6738	  10627	 5.1587653	   71.4286	   24.1652	   77.5225	   2653	bidTrue--chu757--dro0.008--dro0.001--entTrue--hid459--lea0.000--nontanh--nonFalse--simcos--spe134--wei1.804--58
   49	  826	  3	 4.9980283	   93.3189	   71.9201	   95.5564	  10627	 5.1541014	   71.4286	   24.0262	   76.3342	   2653	bidTrue--chu757--dro0.008--dro0.001--entTrue--hid459--lea0.000--nontanh--nonFalse--simcos--spe134--wei1.804--58
   -1	    0	  4	 6.0402436	    0.1412	    0.0046	    7.1881	  10623	 6.0300956	    0.0376	    0.0052	    7.1340	   2657	bidTrue--chu757--dro0.008--dro0.001--entTrue--hid459--lea0.000--nontanh--nonFalse--simcos--spe134--wei1.804--58
    0	   15	  4	 5.5618687	   40.7135	    1.5201	   43.3856	  10623	 5.5766034	   39.8570	    3.1663	   41.4942	   2657	bidTrue--chu757--dro0.008--dro0.001--entTrue--hid459--lea0.000--nontanh--nonFalse--simcos--spe134--wei1.804--58
    1	   31	  4	 5.5262270	   41.9279	    2.3124	   45.0748	  10623	 5.5467720	   41.1366	    4.5511	   43.1491	   2657	bidTrue--chu757--dro0.008--dro0.001--entTrue--hid459--lea0.000--nontanh--nonFalse--simcos--spe134--wei1.804--58
    2	   47	  4	 5.5010519	   43.5658	    3.5736	   46.4686	  10623	 5.5290899	   42.0399	    5.2033	   44.2711	   2657	bidTrue--chu757--dro0.008--dro0.001--entTrue--hid459--lea0.000--nontanh--nonFalse--simcos--spe134--wei1.804--58
    3	   63	  4	 5.4749193	   44.9308	    5.8135	   47.7684	  10623	 5.5068107	   42.6421	    5.8383	   44.9299	   2657	bidTrue--chu757--dro0.008--dro0.001--entTrue--hid459--lea0.000--nontanh--nonFalse--simcos--spe134--wei1.804--58
    4	   79	  4	 5.4500031	   46.7194	    8.0097	   49.4431	  10623	 5.4860020	   43.6583	    7.1749	   45.9594	   2657	bidTrue--chu757--dro0.008--dro0.001--entTrue--hid459--lea0.000--nontanh--nonFalse--simcos--spe134--wei1.804--58
    5	   94	  4	 5.4275522	   50.0988	   10.6647	   52.8842	  10623	 5.4681187	   45.9541	    8.8188	   48.5554	   2657	bidTrue--chu757--dro0.008--dro0.001--entTrue--hid459--lea0.000--nontanh--nonFalse--simcos--spe134--wei1.804--58
    6	  109	  4	 5.4038944	   54.4667	   12.0954	   57.6321	  10623	 5.4532485	   47.9865	    9.3328	   51.0963	   2657	bidTrue--chu757--dro0.008--dro0.001--entTrue--hid459--lea0.000--nontanh--nonFalse--simcos--spe134--wei1.804--58
    7	  124	  4	 5.3797698	   58.1192	   13.3425	   61.8570	  10623	 5.4371800	   50.4705	   10.0791	   54.2104	   2657	bidTrue--chu757--dro0.008--dro0.001--entTrue--hid459--lea0.000--nontanh--nonFalse--simcos--spe134--wei1.804--58
    8	  140	  4	 5.3559251	   61.0656	   14.2078	   65.3193	  10623	 5.4209890	   53.2932	   10.8726	   57.8321	   2657	bidTrue--chu757--dro0.008--dro0.001--entTrue--hid459--lea0.000--nontanh--nonFalse--simcos--spe134--wei1.804--58
    9	  156	  4	 5.3397284	   62.8165	   14.1799	   67.1807	  10623	 5.4111009	   54.6857	   11.4863	   59.0158	   2657	bidTrue--chu757--dro0.008--dro0.001--entTrue--hid459--lea0.000--nontanh--nonFalse--simcos--spe134--wei1.804--58
   10	  171	  4	 5.3200336	   64.0497	   14.1277	   68.5519	  10623	 5.3954787	   55.5890	   11.4350	   60.1470	   2657	bidTrue--chu757--dro0.008--dro0.001--entTrue--hid459--lea0.000--nontanh--nonFalse--simcos--spe134--wei1.804--58
   11	  187	  4	 5.3060665	   65.8383	   14.6652	   70.2276	  10623	 5.3857598	   56.5676	   11.5680	   61.0572	   2657	bidTrue--chu757--dro0.008--dro0.001--entTrue--hid459--lea0.000--nontanh--nonFalse--simcos--spe134--wei1.804--58
   12	  202	  4	 5.2865844	   67.7492	   15.4605	   72.3554	  10623	 5.3739352	   57.4708	   11.7922	   62.2251	   2657	bidTrue--chu757--dro0.008--dro0.001--entTrue--hid459--lea0.000--nontanh--nonFalse--simcos--spe134--wei1.804--58
   13	  218	  4	 5.2717113	   69.8861	   16.0669	   74.8880	  10623	 5.3634911	   59.1645	   12.8253	   63.7069	   2657	bidTrue--chu757--dro0.008--dro0.001--entTrue--hid459--lea0.000--nontanh--nonFalse--simcos--spe134--wei1.804--58
   14	  234	  4	 5.2590580	   71.1946	   16.3740	   76.0489	  10623	 5.3538094	   60.1807	   12.9859	   64.9307	   2657	bidTrue--chu757--dro0.008--dro0.001--entTrue--hid459--lea0.000--nontanh--nonFalse--simcos--spe134--wei1.804--58
   15	  249	  4	 5.2488947	   73.3315	   17.5378	   78.1793	  10623	 5.3402381	   62.7399	   13.4964	   67.1914	   2657	bidTrue--chu757--dro0.008--dro0.001--entTrue--hid459--lea0.000--nontanh--nonFalse--simcos--spe134--wei1.804--58
   16	  264	  4	 5.2319970	   74.0845	   17.9964	   79.3638	  10623	 5.3357568	   62.5894	   13.8382	   67.8955	   2657	bidTrue--chu757--dro0.008--dro0.001--entTrue--hid459--lea0.000--nontanh--nonFalse--simcos--spe134--wei1.804--58
   17	  280	  4	 5.2228098	   75.0824	   18.2711	   80.0457	  10623	 5.3251987	   63.7185	   14.3710	   68.5955	   2657	bidTrue--chu757--dro0.008--dro0.001--entTrue--hid459--lea0.000--nontanh--nonFalse--simcos--spe134--wei1.804--58
   18	  296	  4	 5.2104921	   75.8919	   19.2686	   81.9028	  10623	 5.3263063	   63.7185	   14.9800	   69.1109	   2657	bidTrue--chu757--dro0.008--dro0.001--entTrue--hid459--lea0.000--nontanh--nonFalse--simcos--spe134--wei1.804--58
   19	  312	  4	 5.1975360	   77.2569	   19.9082	   83.3312	  10623	 5.3161736	   64.6594	   15.1119	   70.5056	   2657	bidTrue--chu757--dro0.008--dro0.001--entTrue--hid459--lea0.000--nontanh--nonFalse--simcos--spe134--wei1.804--58
   20	  327	  4	 5.1877990	   78.4053	   20.5276	   84.1568	  10623	 5.3104186	   65.5250	   15.4336	   71.0466	   2657	bidTrue--chu757--dro0.008--dro0.001--entTrue--hid459--lea0.000--nontanh--nonFalse--simcos--spe134--wei1.804--58
   21	  343	  4	 5.1786275	   78.8007	   21.1194	   84.5966	  10623	 5.3028979	   65.6379	   15.6892	   71.3424	   2657	bidTrue--chu757--dro0.008--dro0.001--entTrue--hid459--lea0.000--nontanh--nonFalse--simcos--spe134--wei1.804--58
   22	  359	  4	 5.1728907	   78.8760	   22.8491	   84.1905	  10623	 5.3007693	   65.4121	   16.1218	   70.5628	   2657	bidTrue--chu757--dro0.008--dro0.001--entTrue--hid459--lea0.000--nontanh--nonFalse--simcos--spe134--wei1.804--58
   23	  374	  4	 5.1608300	   80.8246	   24.9000	   86.3879	  10623	 5.2980390	   66.2778	   16.8222	   71.6287	   2657	bidTrue--chu757--dro0.008--dro0.001--entTrue--hid459--lea0.000--nontanh--nonFalse--simcos--spe134--wei1.804--58
   24	  389	  4	 5.1554480	   81.7472	   26.3303	   87.4577	  10623	 5.2998800	   66.3907	   17.2599	   72.6001	   2657	bidTrue--chu757--dro0.008--dro0.001--entTrue--hid459--lea0.000--nontanh--nonFalse--simcos--spe134--wei1.804--58
   25	  405	  4	 5.1450024	   82.2272	   27.2260	   87.4234	  10623	 5.2886701	   67.3316	   17.6337	   72.4096	   2657	bidTrue--chu757--dro0.008--dro0.001--entTrue--hid459--lea0.000--nontanh--nonFalse--simcos--spe134--wei1.804--58
   26	  421	  4	 5.1375718	   82.5473	   29.2219	   87.5069	  10623	 5.2847028	   66.7670	   17.6780	   71.4321	   2657	bidTrue--chu757--dro0.008--dro0.001--entTrue--hid459--lea0.000--nontanh--nonFalse--simcos--spe134--wei1.804--58
   27	  437	  4	 5.1331806	   83.2533	   31.6242	   88.7148	  10623	 5.2817044	   66.8799	   17.8902	   72.3996	   2657	bidTrue--chu757--dro0.008--dro0.001--entTrue--hid459--lea0.000--nontanh--nonFalse--simcos--spe134--wei1.804--58
   28	  452	  4	 5.1232610	   84.1664	   33.2257	   89.2125	  10623	 5.2777834	   67.2563	   17.8146	   72.9892	   2657	bidTrue--chu757--dro0.008--dro0.001--entTrue--hid459--lea0.000--nontanh--nonFalse--simcos--spe134--wei1.804--58
   29	  468	  4	 5.1176419	   84.7407	   35.7879	   89.2579	  10623	 5.2714696	   67.3692	   17.2943	   72.2605	   2657	bidTrue--chu757--dro0.008--dro0.001--entTrue--hid459--lea0.000--nontanh--nonFalse--simcos--spe134--wei1.804--58
   30	  484	  4	 5.1087542	   85.8138	   39.4539	   90.4888	  10623	 5.2719235	   67.1810	   18.6714	   72.5078	   2657	bidTrue--chu757--dro0.008--dro0.001--entTrue--hid459--lea0.000--nontanh--nonFalse--simcos--spe134--wei1.804--58
   31	  500	  4	 5.1037908	   86.5575	   42.1899	   91.1193	  10623	 5.2722187	   67.3692	   19.3323	   72.8999	   2657	bidTrue--chu757--dro0.008--dro0.001--entTrue--hid459--lea0.000--nontanh--nonFalse--simcos--spe134--wei1.804--58
   32	  516	  4	 5.0985031	   86.1527	   43.0075	   90.5458	  10623	 5.2625904	   67.2187	   18.7614	   72.1509	   2657	bidTrue--chu757--dro0.008--dro0.001--entTrue--hid459--lea0.000--nontanh--nonFalse--simcos--spe134--wei1.804--58
   33	  532	  4	 5.0883727	   87.3388	   47.7170	   91.5345	  10623	 5.2591143	   67.3692	   19.7532	   72.3492	   2657	bidTrue--chu757--dro0.008--dro0.001--entTrue--hid459--lea0.000--nontanh--nonFalse--simcos--spe134--wei1.804--58
   34	  548	  4	 5.0850306	   88.2143	   50.6852	   92.4366	  10623	 5.2626381	   67.4821	   20.1299	   73.1291	   2657	bidTrue--chu757--dro0.008--dro0.001--entTrue--hid459--lea0.000--nontanh--nonFalse--simcos--spe134--wei1.804--58
   35	  564	  4	 5.0775194	   89.1462	   54.3871	   93.0453	  10623	 5.2573509	   67.8961	   20.2140	   73.7148	   2657	bidTrue--chu757--dro0.008--dro0.001--entTrue--hid459--lea0.000--nontanh--nonFalse--simcos--spe134--wei1.804--58
   36	  579	  4	 5.0709906	   88.4025	   51.5603	   92.0001	  10623	 5.2491951	   67.6703	   19.2165	   72.6181	   2657	bidTrue--chu757--dro0.008--dro0.001--entTrue--hid459--lea0.000--nontanh--nonFalse--simcos--spe134--wei1.804--58
   37	  595	  4	 5.0643306	   89.7110	   55.8970	   93.1949	  10623	 5.2460394	   67.9714	   20.6293	   73.6191	   2657	bidTrue--chu757--dro0.008--dro0.001--entTrue--hid459--lea0.000--nontanh--nonFalse--simcos--spe134--wei1.804--58
   38	  611	  4	 5.0614634	   89.8899	   57.1909	   93.5146	  10623	 5.2448654	   67.7456	   19.5159	   73.6325	   2657	bidTrue--chu757--dro0.008--dro0.001--entTrue--hid459--lea0.000--nontanh--nonFalse--simcos--spe134--wei1.804--58
   39	  627	  4	 5.0549297	   89.7016	   57.9792	   93.1202	  10623	 5.2419362	   67.4821	   20.2730	   72.6353	   2657	bidTrue--chu757--dro0.008--dro0.001--entTrue--hid459--lea0.000--nontanh--nonFalse--simcos--spe134--wei1.804--58
   40	  643	  4	 5.0509892	   90.0970	   59.3961	   93.4497	  10623	 5.2354264	   67.4445	   19.1957	   72.4728	   2657	bidTrue--chu757--dro0.008--dro0.001--entTrue--hid459--lea0.000--nontanh--nonFalse--simcos--spe134--wei1.804--58
   41	  659	  4	 5.0460510	   90.6241	   61.8025	   93.6621	  10623	 5.2321444	   67.5950	   19.6502	   72.9866	   2657	bidTrue--chu757--dro0.008--dro0.001--entTrue--hid459--lea0.000--nontanh--nonFalse--simcos--spe134--wei1.804--58
   42	  674	  4	 5.0425110	   91.3678	   65.2167	   94.2367	  10623	 5.2349124	   67.7832	   19.6662	   73.4425	   2657	bidTrue--chu757--dro0.008--dro0.001--entTrue--hid459--lea0.000--nontanh--nonFalse--simcos--spe134--wei1.804--58
   43	  690	  4	 5.0324764	   91.7820	   66.5564	   94.6139	  10623	 5.2267933	   67.5574	   20.6226	   73.1716	   2657	bidTrue--chu757--dro0.008--dro0.001--entTrue--hid459--lea0.000--nontanh--nonFalse--simcos--spe134--wei1.804--58
   44	  706	  4	 5.0269055	   92.3468	   68.8034	   95.0116	  10623	 5.2233758	   68.0090	   20.8700	   74.3951	   2657	bidTrue--chu757--dro0.008--dro0.001--entTrue--hid459--lea0.000--nontanh--nonFalse--simcos--spe134--wei1.804--58
   45	  722	  4	 5.0218844	   92.2809	   68.1181	   94.9841	  10623	 5.2160134	   68.0090	   20.3435	   73.6202	   2657	bidTrue--chu757--dro0.008--dro0.001--entTrue--hid459--lea0.000--nontanh--nonFalse--simcos--spe134--wei1.804--58
   46	  738	  4	 5.0143704	   92.9116	   70.0893	   95.2310	  10623	 5.2143049	   68.2725	   21.4511	   73.7216	   2657	bidTrue--chu757--dro0.008--dro0.001--entTrue--hid459--lea0.000--nontanh--nonFalse--simcos--spe134--wei1.804--58
   47	  754	  4	 5.0096703	   93.1187	   71.2147	   95.4664	  10623	 5.2114315	   67.8961	   19.9912	   73.5912	   2657	bidTrue--chu757--dro0.008--dro0.001--entTrue--hid459--lea0.000--nontanh--nonFalse--simcos--spe134--wei1.804--58
   48	  770	  4	 5.0069747	   93.1658	   72.2823	   95.4416	  10623	 5.2068286	   67.7456	   20.2426	   72.9298	   2657	bidTrue--chu757--dro0.008--dro0.001--entTrue--hid459--lea0.000--nontanh--nonFalse--simcos--spe134--wei1.804--58
   49	  786	  4	 4.9993033	   93.6929	   74.8597	   95.8601	  10623	 5.2028813	   67.9714	   20.1922	   73.4459	   2657	bidTrue--chu757--dro0.008--dro0.001--entTrue--hid459--lea0.000--nontanh--nonFalse--simcos--spe134--wei1.804--58
