# conf_file=config.ini	random=False	use_cuda=True	no_files=False	verbose=True	no_shuffle=False	phase=training	use_trial=False	level=scene	usr_id=None	id=1	model_file=None	log_dir=logs/bid-dro0.0-dro0.0-ent-hid459-lay1-nontan-simcos-spe134-tokgoo-bat24-chu757-lea0.0-optada-wei1.8	folds=5	epochs=50	test_every=1	stop_criterion=5	batch_size=24	chunk_size=757	learning_rate=0.000533396665212102	weight_decay=1.8044454846752823e-07	optimizer=adam	speaker_emb=134	token_emb=200	bidirectional=True	layers_lstm=1	hidden_lstm_1=459	attention_lstm=False	attention_window=False	window_size=59	entity_library=True	similarity_type=cos	share_weights=False	dropout_prob_1=0.008172680923374698	dropout_prob_2=0.0013466197621012088	nonlinearity_1=tanh	nonlinearity_2=False	dropout_prob=[0.008172680923374698, 0.0013466197621012088]	nonlinearity=['tanh', False]	bi=True	ent=True	sim=cos	cuda=True	lr=0.000533396665212102	useAdadelta=False	useAdam=True	stop_criterion_num_epochs=5	corpus_token_embs=google_news	corpus_entity_embs=None	emb_size=[200, 134]	hidden_size=[459]	model_type=lstm_basic	num_epochs=50	num_folds=5
# python main.py --batch_size 24 --bidirectional --chunk_size 757 --conf_file config.ini --dropout_prob_1 0.008172680923374698 --dropout_prob_2 0.0013466197621012088 --entity_library --epochs 50 --file_name auto --folds 5 --hidden_lstm_1 459 --id 1 --layers_lstm 1 --learning_rate 0.000533396665212102 --level scene --log_dir logs/bid-dro0.0-dro0.0-ent-hid459-lay1-nontan-simcos-spe134-tokgoo-bat24-chu757-lea0.0-optada-wei1.8 --model_file auto --nonlinearity_1 tanh --optimizer adam --phase training --similarity_type cos --speaker_emb 134 --stop_criterion 5 --test_every 1 --token_emb google_news --use_cuda --usr_id auto --verbose --weight_decay 1.8044454846752823e-07 --window_size 59
epoch	iteration	fold	train_loss	train_acc	train_macro_f1	train_macro_f1_main	train_total	val_loss	val_acc	val_macro_f1	val_macro_f1_main	val_total	model
   -1	    0	  0	 5.9961119	    0.0753	    0.0713	    7.2498	  10621	 5.9962454	    0.0376	    0.0294	    6.7777	   2659	win59--1                      
    0	   16	  0	 5.5534821	   40.3069	    1.7341	   42.4093	  10621	 5.5555439	   41.4442	    2.9032	   44.6565	   2659	win59--1                      
    1	   32	  0	 5.5159340	   42.1900	    3.0368	   44.1403	  10621	 5.5233493	   42.6100	    4.2610	   45.4961	   2659	win59--1                      
    2	   48	  0	 5.4898124	   43.6023	    4.4657	   45.8359	  10621	 5.5017819	   42.8733	    5.1027	   45.9083	   2659	win59--1                      
    3	   64	  0	 5.4652624	   44.9393	    6.3246	   47.2900	  10621	 5.4823122	   44.3400	    6.7480	   47.5485	   2659	win59--1                      
    4	   79	  0	 5.4415779	   47.1519	    8.5769	   49.6877	  10621	 5.4622812	   45.8067	    7.4706	   49.4748	   2659	win59--1                      
    5	   95	  0	 5.4201145	   50.0706	   10.3750	   53.2275	  10621	 5.4443259	   47.4238	    8.7511	   51.6153	   2659	win59--1                      
    6	  110	  0	 5.3996201	   53.3377	   11.3235	   57.7854	  10621	 5.4273520	   49.4171	    9.0431	   54.5461	   2659	win59--1                      
    7	  126	  0	 5.3757720	   57.1039	   12.3950	   61.7190	  10621	 5.4093328	   53.5916	   10.4594	   58.7291	   2659	win59--1                      
    8	  142	  0	 5.3624182	   59.0999	   12.9039	   63.9471	  10621	 5.4039383	   54.8326	   10.5420	   59.5783	   2659	win59--1                      
    9	  158	  0	 5.3397908	   60.9830	   12.9566	   66.0134	  10621	 5.3887210	   55.5472	   10.4655	   60.5743	   2659	win59--1                      
   10	  174	  0	 5.3212919	   62.0186	   13.2080	   67.0788	  10621	 5.3770323	   56.3746	   10.5404	   61.3245	   2659	win59--1                      
   11	  190	  0	 5.3032651	   64.9186	   13.4460	   69.6938	  10621	 5.3646722	   58.5935	   11.2694	   63.3344	   2659	win59--1                      
   12	  206	  0	 5.2873564	   66.8016	   13.9607	   71.3769	  10621	 5.3537998	   59.7593	   11.8492	   64.4073	   2659	win59--1                      
   13	  221	  0	 5.2735882	   68.6941	   14.6158	   73.7453	  10621	 5.3464332	   61.2636	   13.2653	   66.3291	   2659	win59--1                      
   14	  237	  0	 5.2583194	   70.4830	   14.9365	   75.6094	  10621	 5.3392100	   62.3543	   13.5969	   67.4626	   2659	win59--1                      
   15	  253	  0	 5.2440839	   71.9235	   15.2665	   77.0155	  10621	 5.3276815	   63.1440	   13.6638	   68.4546	   2659	win59--1                      
   16	  269	  0	 5.2318239	   72.8745	   16.0515	   77.9603	  10621	 5.3208666	   63.7082	   14.1768	   69.1358	   2659	win59--1                      
   17	  285	  0	 5.2205682	   74.6069	   16.4596	   79.7682	  10621	 5.3114147	   65.2877	   15.0584	   70.7893	   2659	win59--1                      
   18	  300	  0	 5.2058301	   75.9910	   16.8963	   81.6340	  10621	 5.3032694	   66.1151	   15.1019	   72.2429	   2659	win59--1                      
   19	  316	  0	 5.1948748	   76.8666	   17.6146	   82.1850	  10621	 5.2974477	   66.4912	   15.4071	   72.8200	   2659	win59--1                      
   20	  331	  0	 5.1859107	   77.9117	   18.5734	   83.6239	  10621	 5.2936449	   66.4159	   15.6506	   73.3984	   2659	win59--1                      
   21	  345	  0	 5.1787424	   78.0529	   19.2101	   83.4454	  10621	 5.2905912	   66.8672	   16.0916	   73.6968	   2659	win59--1                      
   22	  361	  0	 5.1668077	   79.5499	   21.0549	   85.3583	  10621	 5.2839432	   67.6570	   16.3736	   74.9157	   2659	win59--1                      
   23	  377	  0	 5.1586943	   79.5970	   21.5577	   84.7491	  10621	 5.2776890	   67.5066	   16.6449	   73.9636	   2659	win59--1                      
   24	  393	  0	 5.1495123	   81.4989	   25.8285	   87.1873	  10621	 5.2773895	   67.5442	   17.2195	   74.9966	   2659	win59--1                      
   25	  409	  0	 5.1389403	   81.7249	   27.0775	   86.7186	  10621	 5.2668939	   68.3716	   17.4869	   75.4309	   2659	win59--1                      
   26	  425	  0	 5.1385102	   81.7531	   26.6638	   86.3129	  10621	 5.2652087	   67.8451	   17.5805	   74.1606	   2659	win59--1                      
   27	  441	  0	 5.1245813	   83.6927	   33.4236	   88.9629	  10621	 5.2621675	   68.2211	   17.8308	   76.3773	   2659	win59--1                      
   28	  456	  0	 5.1173253	   84.2576	   34.0860	   89.0431	  10621	 5.2571969	   68.5220	   18.3224	   75.9861	   2659	win59--1                      
   29	  472	  0	 5.1124344	   84.0693	   33.6645	   89.0495	  10621	 5.2542624	   68.3716	   18.6301	   75.4963	   2659	win59--1                      
   30	  488	  0	 5.1074429	   84.6060	   36.5825	   88.9472	  10621	 5.2533669	   67.8827	   18.0984	   75.2188	   2659	win59--1                      
   31	  504	  0	 5.0965075	   86.4796	   43.0122	   90.9129	  10621	 5.2494302	   67.8827	   18.0718	   75.5900	   2659	win59--1                      
   32	  520	  0	 5.0926957	   86.9316	   44.2058	   91.4150	  10621	 5.2494793	   68.0331	   20.2125	   75.8212	   2659	win59--1                      
   33	  536	  0	 5.0831423	   87.2705	   45.7297	   91.5144	  10621	 5.2420259	   68.0331	   18.1812	   75.4498	   2659	win59--1                      
   34	  552	  0	 5.0776143	   88.2214	   47.7913	   92.0949	  10621	 5.2397113	   68.3716	   18.9518	   75.5228	   2659	win59--1                      
   35	  568	  0	 5.0711150	   87.5059	   47.5398	   91.6988	  10621	 5.2322450	   68.7100	   19.7831	   76.0757	   2659	win59--1                      
   36	  583	  0	 5.0649886	   88.6640	   50.2810	   92.5854	  10621	 5.2292461	   68.8229	   20.4815	   76.3368	   2659	win59--1                      
   37	  599	  0	 5.0573964	   88.7205	   50.2740	   92.4513	  10621	 5.2237921	   69.0861	   19.2625	   76.4243	   2659	win59--1                      
   38	  615	  0	 5.0527997	   89.4266	   54.4352	   92.9129	  10621	 5.2234612	   68.8229	   20.8429	   75.9637	   2659	win59--1                      
   39	  631	  0	 5.0446119	   90.3305	   59.6957	   93.5603	  10621	 5.2185664	   69.0485	   21.0299	   76.4087	   2659	win59--1                      
   40	  647	  0	 5.0380588	   90.6129	   60.2336	   93.5046	  10621	 5.2126818	   69.2742	   21.3959	   76.0790	   2659	win59--1                      
   41	  663	  0	 5.0329165	   91.5827	   64.8263	   94.4115	  10621	 5.2132316	   69.0485	   21.5470	   76.3539	   2659	win59--1                      
   42	  679	  0	 5.0267334	   91.8840	   66.2509	   94.5716	  10621	 5.2068639	   68.9733	   20.4546	   76.3323	   2659	win59--1                      
   43	  695	  0	 5.0229082	   92.0535	   66.9307	   94.6908	  10621	 5.2054973	   69.0485	   20.9176	   76.1742	   2659	win59--1                      
   44	  711	  0	 5.0178213	   91.9970	   66.5154	   94.8011	  10621	 5.1999311	   68.8605	   20.8112	   76.6097	   2659	win59--1                      
   45	  727	  0	 5.0121827	   91.7993	   67.5515	   94.3568	  10621	 5.1949825	   69.0861	   20.4735	   76.1105	   2659	win59--1                      
   46	  743	  0	 5.0100737	   92.4772	   69.4053	   95.0644	  10621	 5.1938338	   68.8229	   20.2214	   75.8800	   2659	win59--1                      
   47	  758	  0	 5.0008669	   93.0138	   70.9803	   95.4710	  10621	 5.1890473	   69.0109	   21.6981	   76.5715	   2659	win59--1                      
   48	  774	  0	 4.9986086	   92.8067	   71.0581	   94.9100	  10621	 5.1840296	   69.4246	   19.9840	   76.5673	   2659	win59--1                      
   49	  790	  0	 4.9925895	   93.2304	   73.7235	   95.2542	  10621	 5.1790628	   69.5374	   21.5548	   76.1386	   2659	win59--1                      
   -1	    0	  1	 5.9719086	    0.0659	    0.0163	    7.1286	  10624	 5.9741206	    0.1130	    0.0583	    7.9468	   2656	win59--1                      
    0	   15	  1	 5.5545058	   40.4556	    1.4015	   43.3181	  10624	 5.5896020	   37.8765	    2.9447	   41.7381	   2656	win59--1                      
    1	   31	  1	 5.5168214	   42.3287	    2.3921	   44.4813	  10624	 5.5583744	   38.7801	    4.0412	   41.8764	   2656	win59--1                      
    2	   47	  1	 5.4878244	   43.8347	    3.9768	   45.9280	  10624	 5.5331650	   39.9473	    5.2893	   43.0479	   2656	win59--1                      
    3	   63	  1	 5.4608846	   46.1126	    6.0132	   48.3371	  10624	 5.5095258	   42.5452	    6.5752	   45.7959	   2656	win59--1                      
    4	   78	  1	 5.4394903	   48.8987	    9.6895	   52.0635	  10624	 5.4874911	   44.9172	    8.4426	   48.9901	   2656	win59--1                      
    5	   93	  1	 5.4156146	   52.2684	   11.6893	   55.8018	  10624	 5.4682150	   46.6114	    8.7863	   51.4537	   2656	win59--1                      
    6	  108	  1	 5.3958979	   55.4593	   13.4331	   59.2370	  10624	 5.4506636	   50.0000	    9.9469	   55.0329	   2656	win59--1                      
    7	  124	  1	 5.3774781	   56.4477	   13.0211	   61.4077	  10624	 5.4344535	   51.6190	   10.4896	   57.2860	   2656	win59--1                      
    8	  140	  1	 5.3563333	   59.9115	   14.4864	   64.6898	  10624	 5.4197078	   52.6355	   10.7712	   58.2499	   2656	win59--1                      
    9	  156	  1	 5.3388882	   61.4270	   14.9098	   66.1747	  10624	 5.4062815	   53.5392	   10.9644	   59.1276	   2656	win59--1                      
   10	  171	  1	 5.3222785	   63.6013	   15.3682	   68.2365	  10624	 5.3961964	   55.0452	   11.5040	   60.0089	   2656	win59--1                      
   11	  186	  1	 5.3058472	   65.0038	   15.7447	   69.5048	  10624	 5.3850760	   56.4759	   12.0061	   61.2975	   2656	win59--1                      
   12	  202	  1	 5.2903728	   66.9334	   16.2538	   71.3883	  10624	 5.3744636	   58.5467	   12.4243	   63.3303	   2656	win59--1                      
   13	  218	  1	 5.2768359	   69.9925	   16.9425	   74.3715	  10624	 5.3697910	   60.5045	   12.8485	   65.1060	   2656	win59--1                      
   14	  234	  1	 5.2673516	   70.1713	   16.6785	   74.2139	  10624	 5.3641891	   59.5256	   12.3121	   64.3719	   2656	win59--1                      
   15	  250	  1	 5.2539883	   71.2914	   17.0213	   76.1251	  10624	 5.3489747	   62.0858	   13.1466	   68.1002	   2656	win59--1                      
   16	  266	  1	 5.2329340	   73.4469	   17.6955	   78.2249	  10624	 5.3379169	   62.4623	   13.5636	   67.7710	   2656	win59--1                      
   17	  281	  1	 5.2203727	   74.6047	   17.6589	   79.6108	  10624	 5.3327217	   63.1401	   13.6274	   68.6548	   2656	win59--1                      
   18	  296	  1	 5.2076874	   75.6306	   18.5003	   80.6720	  10624	 5.3237433	   63.9307	   14.0311	   69.6931	   2656	win59--1                      
   19	  312	  1	 5.1970620	   77.1743	   19.7906	   82.0247	  10624	 5.3190274	   64.0437	   14.5747	   69.4363	   2656	win59--1                      
   20	  327	  1	 5.1866794	   77.7014	   20.6548	   82.4430	  10624	 5.3135872	   64.0437	   14.7725	   69.3812	   2656	win59--1                      
   21	  343	  1	 5.1755781	   79.2545	   21.8524	   84.3695	  10624	 5.3069539	   64.6084	   14.6642	   70.6548	   2656	win59--1                      
   22	  358	  1	 5.1684880	   79.8569	   23.0545	   84.9681	  10624	 5.3043914	   64.6461	   15.1522	   70.5963	   2656	win59--1                      
   23	  374	  1	 5.1607842	   81.0241	   24.8298	   86.0311	  10624	 5.3003092	   65.2485	   16.6674	   71.4104	   2656	win59--1                      
   24	  390	  1	 5.1522374	   81.5512	   25.8869	   86.1337	  10624	 5.2964139	   65.5120	   17.4638	   71.0377	   2656	win59--1                      
   25	  406	  1	 5.1450644	   81.9654	   27.8506	   86.8257	  10624	 5.2914996	   65.3614	   16.8920	   71.6720	   2656	win59--1                      
   26	  422	  1	 5.1356440	   82.9160	   31.8081	   87.6588	  10624	 5.2880235	   65.8886	   17.0347	   72.1759	   2656	win59--1                      
   27	  438	  1	 5.1304693	   83.6691	   33.9400	   88.6401	  10624	 5.2880945	   65.7756	   16.8208	   72.6130	   2656	win59--1                      
   28	  454	  1	 5.1223850	   84.1303	   36.6352	   88.6853	  10624	 5.2834435	   65.8509	   17.5444	   72.6288	   2656	win59--1                      
   29	  469	  1	 5.1148772	   85.1751	   39.7633	   89.8567	  10624	 5.2796431	   66.5286	   18.1439	   73.4457	   2656	win59--1                      
   30	  484	  1	 5.1075921	   85.6739	   41.2554	   89.7391	  10624	 5.2753181	   66.4157	   18.0275	   72.7754	   2656	win59--1                      
   31	  499	  1	 5.0987129	   86.8505	   46.4904	   90.8264	  10624	 5.2708015	   66.6039	   19.0300	   72.8463	   2656	win59--1                      
   32	  515	  1	 5.0940485	   87.5847	   48.9800	   91.6991	  10624	 5.2695818	   66.6792	   18.5802	   73.4236	   2656	win59--1                      
   33	  530	  1	 5.0885172	   88.0459	   51.9946	   91.7502	  10624	 5.2691426	   66.4910	   18.4747	   72.6736	   2656	win59--1                      
   34	  546	  1	 5.0810404	   88.5919	   52.9750	   92.2761	  10624	 5.2639451	   66.3780	   18.4949	   72.7394	   2656	win59--1                      
   35	  561	  1	 5.0752215	   88.8366	   54.0316	   92.3407	  10624	 5.2595005	   66.7922	   18.5127	   72.9906	   2656	win59--1                      
   36	  577	  1	 5.0749068	   88.3942	   54.5062	   91.6154	  10624	 5.2566304	   66.6792	   18.5641	   72.5420	   2656	win59--1                      
   37	  593	  1	 5.0649414	   90.6062	   60.2468	   93.8894	  10624	 5.2581019	   67.0181	   18.9865	   74.3009	   2656	win59--1                      
   38	  609	  1	 5.0597496	   90.5403	   61.6167	   93.6019	  10624	 5.2508807	   67.1310	   19.7422	   73.6562	   2656	win59--1                      
   39	  625	  1	 5.0527358	   91.1615	   64.1332	   94.1567	  10624	 5.2486143	   67.0557	   19.7144	   73.7501	   2656	win59--1                      
   40	  641	  1	 5.0479426	   91.5192	   64.6084	   94.4436	  10624	 5.2467537	   67.0557	   19.7004	   73.8679	   2656	win59--1                      
   41	  657	  1	 5.0435228	   91.2745	   64.6110	   94.2114	  10624	 5.2384448	   67.0934	   19.2203	   73.2474	   2656	win59--1                      
   42	  673	  1	 5.0364151	   91.5663	   65.6609	   94.3141	  10624	 5.2340360	   67.0934	   19.5954	   73.1748	   2656	win59--1                      
   43	  689	  1	 5.0302496	   92.2910	   68.6553	   94.7623	  10624	 5.2336793	   67.0181	   19.7640	   73.2346	   2656	win59--1                      
   44	  705	  1	 5.0242100	   92.3287	   69.0605	   94.9806	  10624	 5.2273054	   67.3193	   19.5839	   73.6525	   2656	win59--1                      
   45	  721	  1	 5.0187626	   92.8746	   70.7748	   95.3272	  10624	 5.2229490	   67.3946	   19.7268	   73.5630	   2656	win59--1                      
   46	  737	  1	 5.0163083	   92.7617	   71.5320	   95.1269	  10624	 5.2244091	   67.2063	   19.5172	   73.6010	   2656	win59--1                      
   47	  753	  1	 5.0101566	   93.3358	   73.0992	   95.5904	  10624	 5.2171469	   67.7334	   20.7781	   74.5271	   2656	win59--1                      
   48	  768	  1	 5.0040240	   93.4300	   73.5909	   95.7398	  10624	 5.2134929	   67.4699	   19.8381	   73.9979	   2656	win59--1                      
   49	  783	  1	 4.9996085	   94.2771	   76.2499	   96.1538	  10624	 5.2143602	   67.3946	   20.0533	   73.5509	   2656	win59--1                      
   -1	    0	  2	 6.0368295	    0.0282	    0.0178	    7.0573	  10625	 6.0314794	    0.0000	    0.0000	    7.5584	   2655	win59--1                      
    0	   16	  2	 5.5679469	   40.0282	    1.5082	   41.5717	  10625	 5.5815063	   38.9454	    2.5559	   40.6754	   2655	win59--1                      
    1	   32	  2	 5.5265746	   41.9294	    2.1945	   43.7657	  10625	 5.5390167	   41.3183	    3.6175	   43.4781	   2655	win59--1                      
    2	   48	  2	 5.4956775	   43.5765	    4.2841	   45.6547	  10625	 5.5130086	   42.5235	    6.3290	   44.8718	   2655	win59--1                      
    3	   63	  2	 5.4714451	   45.4965	    7.5548	   47.6136	  10625	 5.4940557	   43.7665	    7.2314	   46.4244	   2655	win59--1                      
    4	   79	  2	 5.4480925	   48.9318	   10.0663	   51.3563	  10625	 5.4759545	   45.7250	    9.3328	   49.0863	   2655	win59--1                      
    5	   94	  2	 5.4238620	   51.8400	   11.8541	   54.9761	  10625	 5.4545269	   49.7552	   11.8881	   53.4797	   2655	win59--1                      
    6	  110	  2	 5.4006867	   56.0471	   13.8501	   59.5432	  10625	 5.4403048	   53.2203	   12.8631	   57.2144	   2655	win59--1                      
    7	  125	  2	 5.3804464	   58.9176	   14.3741	   62.7512	  10625	 5.4252467	   55.5179	   13.5055	   59.8423	   2655	win59--1                      
    8	  140	  2	 5.3527918	   61.8541	   14.4643	   66.1667	  10625	 5.4041986	   57.2505	   13.9487	   62.0742	   2655	win59--1                      
    9	  155	  2	 5.3366961	   63.4635	   14.2988	   68.0025	  10625	 5.3918600	   58.3427	   13.6175	   63.4788	   2655	win59--1                      
   10	  171	  2	 5.3206606	   65.2235	   14.1653	   69.9243	  10625	 5.3808432	   59.2844	   13.9326	   64.7621	   2655	win59--1                      
   11	  187	  2	 5.3030233	   66.4188	   14.2790	   71.0784	  10625	 5.3688359	   60.9416	   13.6625	   66.4909	   2655	win59--1                      
   12	  203	  2	 5.2855120	   67.8494	   14.4812	   72.3804	  10625	 5.3557029	   61.3936	   13.9393	   66.5270	   2655	win59--1                      
   13	  219	  2	 5.2697639	   69.9859	   15.5834	   74.8724	  10625	 5.3499188	   62.9379	   14.0372	   68.4486	   2655	win59--1                      
   14	  235	  2	 5.2560282	   71.5388	   16.0363	   76.6261	  10625	 5.3406601	   63.1262	   14.1281	   68.6845	   2655	win59--1                      
   15	  251	  2	 5.2355618	   73.6376	   16.8975	   78.7109	  10625	 5.3282175	   62.5989	   14.2848	   69.2077	   2655	win59--1                      
   16	  267	  2	 5.2318988	   73.9200	   16.9201	   79.0406	  10625	 5.3261089	   64.0678	   14.3449	   69.7352	   2655	win59--1                      
   17	  283	  2	 5.2183352	   75.3600	   18.2849	   80.3849	  10625	 5.3159819	   64.9341	   14.6202	   69.7313	   2655	win59--1                      
   18	  299	  2	 5.2079248	   75.5012	   18.8413	   80.5438	  10625	 5.3116817	   64.8964	   15.1953	   69.7932	   2655	win59--1                      
   19	  315	  2	 5.1966491	   77.1576	   19.5783	   82.4551	  10625	 5.3033366	   66.4030	   15.1441	   71.7766	   2655	win59--1                      
   20	  331	  2	 5.1886992	   77.4494	   20.5733	   82.5212	  10625	 5.2993789	   66.0264	   15.5881	   71.2588	   2655	win59--1                      
   21	  346	  2	 5.1718597	   79.7553	   22.4872	   84.9703	  10625	 5.2904167	   67.2316	   16.3576	   72.9048	   2655	win59--1                      
   22	  362	  2	 5.1639719	   80.2729	   23.6996	   85.5729	  10625	 5.2869339	   67.7966	   17.2275	   72.8677	   2655	win59--1                      
   23	  378	  2	 5.1546874	   81.1200	   26.1063	   86.4109	  10625	 5.2810693	   67.7589	   17.6744	   73.6284	   2655	win59--1                      
   24	  393	  2	 5.1456690	   81.9012	   26.7743	   87.0386	  10625	 5.2758818	   68.2863	   18.8757	   73.6751	   2655	win59--1                      
   25	  409	  2	 5.1359434	   82.6071	   27.9595	   87.9021	  10625	 5.2740874	   67.9473	   19.3206	   73.3449	   2655	win59--1                      
   26	  424	  2	 5.1297212	   83.3976	   31.3954	   88.1345	  10625	 5.2695584	   68.0226	   19.4992	   73.8312	   2655	win59--1                      
   27	  440	  2	 5.1223035	   84.5082	   36.4531	   89.6485	  10625	 5.2694945	   67.9849	   21.8899	   74.4131	   2655	win59--1                      
   28	  456	  2	 5.1141191	   84.4518	   34.8706	   89.1256	  10625	 5.2600622	   68.6252	   20.6466	   74.1850	   2655	win59--1                      
   29	  472	  2	 5.1096902	   84.8847	   37.2708	   89.3036	  10625	 5.2575521	   68.5122	   20.0049	   74.1926	   2655	win59--1                      
   30	  488	  2	 5.1060190	   86.0894	   42.2543	   90.6273	  10625	 5.2613926	   68.4369	   22.0337	   74.4225	   2655	win59--1                      
   31	  504	  2	 5.0992403	   86.7012	   44.4752	   90.9545	  10625	 5.2609801	   67.5706	   21.8590	   74.2892	   2655	win59--1                      
   32	  520	  2	 5.0910468	   87.3882	   48.4175	   91.2097	  10625	 5.2531638	   68.4746	   22.3622	   74.4622	   2655	win59--1                      
   33	  535	  2	 5.0844932	   87.4918	   47.4791	   91.3680	  10625	 5.2456679	   68.8136	   22.2838	   74.7821	   2655	win59--1                      
   34	  551	  2	 5.0751815	   88.4706	   52.4077	   92.2516	  10625	 5.2415714	   68.9266	   21.6812	   75.3826	   2655	win59--1                      
   35	  567	  2	 5.0711193	   89.0824	   54.0738	   92.7807	  10625	 5.2376609	   69.6798	   22.6948	   76.1721	   2655	win59--1                      
   36	  583	  2	 5.0653806	   89.4682	   54.4163	   92.9069	  10625	 5.2368002	   68.8136	   23.8617	   74.6198	   2655	win59--1                      
   37	  599	  2	 5.0590367	   89.7600	   57.8067	   93.1988	  10625	 5.2304215	   68.5499	   22.2377	   74.7852	   2655	win59--1                      
   38	  615	  2	 5.0516019	   90.4565	   59.8504	   93.7543	  10625	 5.2296324	   68.5499	   23.1602	   75.6966	   2655	win59--1                      
   39	  631	  2	 5.0454807	   90.8235	   60.0675	   93.6767	  10625	 5.2242212	   68.7759	   24.1738	   74.8455	   2655	win59--1                      
   40	  647	  2	 5.0418487	   91.2659	   63.3868	   94.0679	  10625	 5.2249827	   68.7382	   24.0892	   75.0148	   2655	win59--1                      
   41	  663	  2	 5.0352864	   91.3694	   62.7080	   94.1993	  10625	 5.2161961	   68.9266	   22.9115	   74.6683	   2655	win59--1                      
   42	  679	  2	 5.0308352	   92.2918	   65.7303	   94.8488	  10625	 5.2178826	   68.2486	   23.4481	   75.1647	   2655	win59--1                      
   43	  695	  2	 5.0252380	   91.8871	   64.7588	   94.4136	  10625	 5.2087135	   69.2655	   23.9808	   74.9581	   2655	win59--1                      
   44	  710	  2	 5.0179605	   92.7529	   69.2341	   95.1028	  10625	 5.2027278	   69.1902	   23.8494	   75.0749	   2655	win59--1                      
   45	  726	  2	 5.0136013	   93.0541	   70.2320	   95.4198	  10625	 5.2041893	   68.8512	   24.6020	   76.0191	   2655	win59--1                      
   46	  742	  2	 5.0084147	   93.4024	   71.0152	   95.7574	  10625	 5.1967597	   69.6045	   23.8980	   75.1382	   2655	win59--1                      
   47	  758	  2	 5.0023227	   93.6471	   73.1409	   95.7595	  10625	 5.1973219	   67.9473	   23.4458	   75.4242	   2655	win59--1                      
   48	  774	  2	 4.9947705	   94.4094	   76.6594	   96.3007	  10625	 5.1895652	   69.3409	   24.6682	   75.2323	   2655	win59--1                      
   49	  789	  2	 4.9919519	   94.2212	   74.7500	   96.0560	  10625	 5.1887331	   68.4746	   24.1243	   75.2355	   2655	win59--1                      
   -1	    0	  3	 6.0007010	    0.1223	    0.0152	    7.5712	  10627	 5.9961348	    0.1131	    0.0169	    6.9045	   2653	win59--1                      
    0	   16	  3	 5.5471926	   40.3030	    1.3691	   43.8352	  10627	 5.5492043	   38.6732	    2.2615	   40.7623	   2653	win59--1                      
    1	   31	  3	 5.5076361	   41.5922	    2.0058	   44.3136	  10627	 5.5154767	   38.8994	    2.8832	   39.6945	   2653	win59--1                      
    2	   47	  3	 5.4790010	   43.6624	    3.4889	   46.4347	  10627	 5.4873867	   40.9725	    4.9966	   42.3299	   2653	win59--1                      
    3	   64	  3	 5.4551239	   45.1021	    5.5815	   48.0993	  10627	 5.4643211	   42.4048	    7.4836	   44.3972	   2653	win59--1                      
    4	   80	  3	 5.4317636	   47.1064	    8.7962	   49.9860	  10627	 5.4424667	   44.0256	    9.1708	   46.4718	   2653	win59--1                      
    5	   97	  3	 5.4120369	   49.8259	   10.6944	   53.7249	  10627	 5.4230847	   48.0588	   11.6766	   51.6326	   2653	win59--1                      
    6	  113	  3	 5.3916731	   52.5736	   12.0860	   56.9232	  10627	 5.4044790	   50.1696	   12.4475	   54.3832	   2653	win59--1                      
    7	  130	  3	 5.3729544	   55.2743	   12.7672	   60.6474	  10627	 5.3874621	   53.2982	   14.1372	   57.9652	   2653	win59--1                      
    8	  145	  3	 5.3542190	   58.3420	   12.9678	   63.4747	  10627	 5.3708854	   55.7482	   15.0080	   60.1778	   2653	win59--1                      
    9	  162	  3	 5.3404360	   59.8946	   13.3307	   64.9417	  10627	 5.3611879	   57.5198	   14.8930	   62.0464	   2653	win59--1                      
   10	  179	  3	 5.3368039	   62.0213	   13.4228	   67.1128	  10627	 5.3585429	   59.9698	   15.1508	   64.6644	   2653	win59--1                      
   11	  195	  3	 5.3144460	   63.0281	   13.4680	   67.8261	  10627	 5.3389916	   60.5729	   14.8374	   64.8877	   2653	win59--1                      
   12	  211	  3	 5.2978587	   65.0513	   14.0300	   69.6844	  10627	 5.3254781	   62.0807	   15.4569	   66.2922	   2653	win59--1                      
   13	  228	  3	 5.2796617	   66.7169	   14.4095	   71.6569	  10627	 5.3135819	   62.4953	   15.6016	   66.9811	   2653	win59--1                      
   14	  244	  3	 5.2635818	   68.4483	   14.6274	   73.3567	  10627	 5.3026490	   64.6061	   16.4710	   69.0295	   2653	win59--1                      
   15	  259	  3	 5.2493420	   70.6126	   15.2666	   75.6346	  10627	 5.2936940	   66.2646	   17.2584	   70.7698	   2653	win59--1                      
   16	  274	  3	 5.2337604	   72.3628	   15.7672	   77.9246	  10627	 5.2859411	   66.9431	   17.8003	   71.7703	   2653	win59--1                      
   17	  291	  3	 5.2253981	   72.7581	   16.2906	   78.0203	  10627	 5.2872114	   65.3977	   17.8975	   70.0524	   2653	win59--1                      
   18	  308	  3	 5.2187471	   72.8522	   16.6933	   78.2298	  10627	 5.2786388	   66.9431	   18.1732	   71.8694	   2653	win59--1                      
   19	  324	  3	 5.2050996	   74.6589	   17.5860	   79.9874	  10627	 5.2728610	   66.5662	   18.2738	   71.3540	   2653	win59--1                      
   20	  341	  3	 5.1929593	   75.5246	   17.8688	   80.9098	  10627	 5.2637677	   67.2446	   18.2083	   71.8636	   2653	win59--1                      
   21	  358	  3	 5.1804023	   77.1714	   19.2906	   82.3497	  10627	 5.2529898	   68.4508	   18.4637	   73.4491	   2653	win59--1                      
   22	  375	  3	 5.1698689	   77.8583	   20.2801	   83.3644	  10627	 5.2468624	   68.4131	   18.7423	   73.7184	   2653	win59--1                      
   23	  392	  3	 5.1613727	   79.0439	   22.7376	   85.0691	  10627	 5.2424116	   69.0162	   18.8544	   74.8717	   2653	win59--1                      
   24	  409	  3	 5.1511612	   80.0226	   24.0156	   85.4871	  10627	 5.2433419	   67.5839	   18.9519	   72.9467	   2653	win59--1                      
   25	  425	  3	 5.1423755	   80.7660	   26.0597	   86.3122	  10627	 5.2357445	   68.8277	   19.0075	   74.6325	   2653	win59--1                      
   26	  441	  3	 5.1328206	   81.5094	   27.7116	   86.6697	  10627	 5.2293749	   68.9031	   19.6996	   74.3835	   2653	win59--1                      
   27	  458	  3	 5.1271191	   82.6197	   30.6866	   87.9323	  10627	 5.2287908	   68.9408	   19.3686	   75.4055	   2653	win59--1                      
   28	  475	  3	 5.1184626	   82.9773	   34.7659	   87.7204	  10627	 5.2208662	   69.4685	   19.7309	   74.9762	   2653	win59--1                      
   29	  492	  3	 5.1110883	   83.3725	   37.0920	   88.3584	  10627	 5.2149158	   69.5816	   19.9295	   75.3759	   2653	win59--1                      
   30	  509	  3	 5.1022286	   84.8970	   42.7453	   89.7521	  10627	 5.2138948	   69.5816	   20.3089	   75.7996	   2653	win59--1                      
   31	  526	  3	 5.1037498	   82.4315	   32.5486	   86.8573	  10627	 5.2074590	   69.1670	   21.2704	   73.8348	   2653	win59--1                      
   32	  543	  3	 5.0886831	   85.8097	   45.0666	   90.7889	  10627	 5.2067919	   69.2424	   19.4470	   76.2781	   2653	win59--1                      
   33	  560	  3	 5.0816660	   85.6592	   44.9533	   90.0859	  10627	 5.1958246	   69.3178	   19.7396	   75.0663	   2653	win59--1                      
   34	  577	  3	 5.0727472	   87.2589	   50.0890	   91.6518	  10627	 5.1974292	   69.7701	   20.9310	   76.5066	   2653	win59--1                      
   35	  594	  3	 5.0677547	   87.4565	   50.6256	   91.9060	  10627	 5.1938534	   69.6570	   21.1987	   76.6253	   2653	win59--1                      
   36	  609	  3	 5.0618410	   87.1742	   50.1225	   91.3239	  10627	 5.1863728	   69.1293	   20.4614	   75.1035	   2653	win59--1                      
   37	  624	  3	 5.0546198	   87.8141	   53.4492	   92.0014	  10627	 5.1802564	   69.6193	   20.7088	   75.9243	   2653	win59--1                      
   38	  639	  3	 5.0475135	   89.4702	   57.7143	   93.2310	  10627	 5.1786342	   69.7701	   20.9203	   76.4580	   2653	win59--1                      
   39	  656	  3	 5.0413198	   89.6490	   59.0003	   93.0832	  10627	 5.1750798	   70.0716	   21.0903	   76.0624	   2653	win59--1                      
   40	  672	  3	 5.0361948	   89.9689	   60.4389	   93.4153	  10627	 5.1707692	   70.4862	   22.4985	   76.4270	   2653	win59--1                      
   41	  689	  3	 5.0316687	   90.6841	   63.3973	   94.2440	  10627	 5.1722417	   70.2224	   21.7387	   77.1266	   2653	win59--1                      
   42	  706	  3	 5.0236053	   90.6653	   63.0840	   94.0378	  10627	 5.1605878	   70.1470	   20.7881	   76.7629	   2653	win59--1                      
   43	  723	  3	 5.0166550	   91.7851	   68.4004	   94.8577	  10627	 5.1611214	   70.0716	   21.3841	   76.6572	   2653	win59--1                      
   44	  739	  3	 5.0090990	   92.4720	   70.8529	   95.2917	  10627	 5.1543379	   70.1847	   21.7048	   76.6966	   2653	win59--1                      
   45	  755	  3	 5.0046525	   91.8604	   67.6879	   94.7594	  10627	 5.1475744	   70.5239	   20.8268	   76.7136	   2653	win59--1                      
   46	  771	  3	 4.9980073	   92.6414	   70.5378	   95.2819	  10627	 5.1439004	   70.4862	   20.9673	   76.8066	   2653	win59--1                      
   47	  787	  3	 4.9923096	   93.2624	   71.9077	   95.7419	  10627	 5.1424608	   70.9009	   21.5648	   76.9604	   2653	win59--1                      
   48	  803	  3	 4.9874902	   93.4412	   72.9948	   95.9143	  10627	 5.1380172	   70.4109	   21.5639	   76.8204	   2653	win59--1                      
   49	  820	  3	 4.9832864	   93.6388	   73.9710	   96.0153	  10627	 5.1342239	   70.7124	   21.4937	   76.7514	   2653	win59--1                      
   -1	    0	  4	 6.0344210	    0.0753	    0.0194	    7.1805	  10623	 6.0328650	    0.0376	    0.0050	    7.0210	   2657	win59--1                      
    0	   16	  4	 5.5662122	   39.7628	    1.0573	   42.5369	  10623	 5.5764074	   39.1795	    2.5334	   39.8041	   2657	win59--1                      
    1	   32	  4	 5.5237188	   41.2219	    1.4532	   43.5278	  10623	 5.5398326	   39.6688	    2.7707	   40.1749	   2657	win59--1                      
    2	   48	  4	 5.4978976	   42.8222	    2.6187	   45.2005	  10623	 5.5215001	   40.5721	    3.9259	   41.2715	   2657	win59--1                      
    3	   64	  4	 5.4694614	   44.7990	    4.7643	   47.2318	  10623	 5.4979687	   41.8141	    5.2744	   42.9131	   2657	win59--1                      
    4	   79	  4	 5.4464412	   46.5782	    7.9780	   49.0989	  10623	 5.4788208	   43.2066	    7.3869	   44.6674	   2657	win59--1                      
    5	   95	  4	 5.4226556	   49.0634	   10.3004	   51.7774	  10623	 5.4622521	   43.8088	    8.7923	   46.0690	   2657	win59--1                      
    6	  111	  4	 5.4004655	   52.1416	   11.9680	   55.2712	  10623	 5.4462347	   45.5777	    9.1778	   48.5664	   2657	win59--1                      
    7	  127	  4	 5.3777132	   56.6601	   13.3129	   60.6035	  10623	 5.4327102	   49.5295	   10.1850	   53.5873	   2657	win59--1                      
    8	  143	  4	 5.3555465	   59.4747	   14.4854	   63.6830	  10623	 5.4174638	   52.1265	   11.2837	   56.3745	   2657	win59--1                      
    9	  159	  4	 5.3347178	   61.8752	   14.4029	   66.4239	  10623	 5.4034939	   53.7448	   11.3757	   57.7917	   2657	win59--1                      
   10	  175	  4	 5.3217940	   63.0330	   14.9425	   67.6576	  10623	 5.3969302	   54.1588	   11.5135	   57.9534	   2657	win59--1                      
   11	  191	  4	 5.3056779	   64.3415	   15.2019	   68.8184	  10623	 5.3810563	   55.2126	   11.7810	   59.0926	   2657	win59--1                      
   12	  207	  4	 5.2911887	   65.7630	   15.6308	   70.6554	  10623	 5.3744659	   55.6266	   11.5794	   59.8340	   2657	win59--1                      
   13	  221	  4	 5.2764425	   67.4668	   15.9530	   72.3390	  10623	 5.3646698	   56.0783	   11.6704	   60.1943	   2657	win59--1                      
   14	  237	  4	 5.2609801	   69.6696	   16.0328	   74.6559	  10623	 5.3548088	   57.5461	   12.1090	   61.8070	   2657	win59--1                      
   15	  253	  4	 5.2500720	   71.8535	   16.4962	   76.5040	  10623	 5.3438430	   59.7667	   12.0654	   64.1874	   2657	win59--1                      
   16	  268	  4	 5.2338428	   73.2656	   17.4108	   78.3228	  10623	 5.3328404	   61.4603	   13.0403	   66.2652	   2657	win59--1                      
   17	  284	  4	 5.2252517	   74.1222	   18.1101	   79.1020	  10623	 5.3287530	   61.6861	   13.0975	   66.1609	   2657	win59--1                      
   18	  300	  4	 5.2134714	   74.6211	   18.4702	   80.1424	  10623	 5.3238544	   61.9119	   14.7276	   66.3219	   2657	win59--1                      
   19	  316	  4	 5.1988478	   76.6356	   19.3823	   82.2315	  10623	 5.3115473	   63.8690	   14.3892	   69.1186	   2657	win59--1                      
   20	  332	  4	 5.1904550	   77.4169	   20.1044	   83.2026	  10623	 5.3082547	   63.8314	   14.9159	   69.0426	   2657	win59--1                      
   21	  348	  4	 5.1788449	   78.3395	   21.2061	   83.9507	  10623	 5.2995725	   64.8099	   15.5627	   69.8442	   2657	win59--1                      
   22	  363	  4	 5.1688414	   79.1584	   22.1446	   84.8327	  10623	 5.2939563	   64.7347	   15.2991	   69.9191	   2657	win59--1                      
   23	  378	  4	 5.1610613	   79.5538	   22.7044	   84.7869	  10623	 5.2908773	   64.8852	   15.4104	   69.3595	   2657	win59--1                      
   24	  394	  4	 5.1559677	   79.9209	   24.5876	   85.3484	  10623	 5.2864065	   65.0734	   15.9355	   69.8281	   2657	win59--1                      
   25	  410	  4	 5.1478772	   80.1657	   26.3902	   85.0177	  10623	 5.2807918	   64.9228	   16.2336	   69.6673	   2657	win59--1                      
   26	  426	  4	 5.1436133	   80.8905	   27.3939	   86.4529	  10623	 5.2770572	   65.5250	   16.4932	   70.8018	   2657	win59--1                      
   27	  442	  4	 5.1352654	   81.2294	   28.5538	   85.9044	  10623	 5.2755527	   64.2454	   16.3156	   68.8451	   2657	win59--1                      
   28	  458	  4	 5.1211686	   83.1498	   32.5620	   88.3423	  10623	 5.2659450	   66.2025	   15.8209	   71.2852	   2657	win59--1                      
   29	  474	  4	 5.1169710	   84.1288	   35.9673	   88.8961	  10623	 5.2663078	   66.1648	   16.0119	   71.7404	   2657	win59--1                      
   30	  490	  4	 5.1090612	   84.5336	   37.8662	   89.1867	  10623	 5.2635159	   66.0143	   16.8073	   71.3947	   2657	win59--1                      
   31	  506	  4	 5.1007018	   85.3337	   40.1237	   89.9676	  10623	 5.2581906	   66.3154	   18.0325	   71.4823	   2657	win59--1                      
   32	  522	  4	 5.0957775	   85.9832	   43.1891	   90.2084	  10623	 5.2564383	   66.5036	   17.5980	   71.8337	   2657	win59--1                      
   33	  538	  4	 5.0875702	   86.5198	   44.4029	   90.6429	  10623	 5.2511992	   66.1648	   18.6048	   71.0520	   2657	win59--1                      
   34	  554	  4	 5.0822392	   86.7552	   45.7178	   91.1489	  10623	 5.2448573	   66.6541	   18.4551	   71.9894	   2657	win59--1                      
   35	  569	  4	 5.0746803	   87.7812	   50.5798	   91.8924	  10623	 5.2460341	   66.5412	   19.1915	   71.6962	   2657	win59--1                      
   36	  585	  4	 5.0700212	   88.4402	   54.3168	   92.3001	  10623	 5.2431850	   66.5412	   18.2709	   72.0679	   2657	win59--1                      
   37	  601	  4	 5.0669141	   87.6777	   50.4083	   91.0259	  10623	 5.2393303	   65.7885	   19.0816	   70.3995	   2657	win59--1                      
   38	  617	  4	 5.0590682	   88.9767	   56.0118	   92.5525	  10623	 5.2379808	   66.5036	   18.9645	   71.9818	   2657	win59--1                      
   39	  633	  4	 5.0524521	   89.8146	   60.3427	   92.9223	  10623	 5.2323475	   66.8423	   20.7400	   72.0945	   2657	win59--1                      
   40	  649	  4	 5.0455408	   89.4851	   58.4553	   92.6940	  10623	 5.2277436	   66.2401	   19.0583	   70.8940	   2657	win59--1                      
   41	  665	  4	 5.0399437	   89.9840	   60.7405	   93.1494	  10623	 5.2248569	   66.4283	   19.6553	   71.3715	   2657	win59--1                      
   42	  681	  4	 5.0350771	   90.9818	   63.7691	   93.9699	  10623	 5.2237329	   66.3530	   20.0505	   71.7388	   2657	win59--1                      
   43	  697	  4	 5.0271096	   91.2172	   66.1572	   94.1808	  10623	 5.2175746	   66.8047	   19.8651	   72.3949	   2657	win59--1                      
   44	  713	  4	 5.0216317	   91.9326	   67.4312	   94.9086	  10623	 5.2165756	   66.8047	   20.5059	   72.6154	   2657	win59--1                      
   45	  729	  4	 5.0193496	   91.7632	   66.4413	   94.3695	  10623	 5.2098889	   66.5412	   19.1373	   71.9037	   2657	win59--1                      
   46	  745	  4	 5.0142260	   91.6031	   67.4345	   94.1527	  10623	 5.2069879	   66.2401	   20.3065	   70.9320	   2657	win59--1                      
   47	  760	  4	 5.0065494	   92.2715	   68.8142	   94.9424	  10623	 5.2017503	   67.1434	   20.5701	   72.8907	   2657	win59--1                      
   48	  776	  4	 4.9997807	   93.1375	   71.9715	   95.5236	  10623	 5.1974468	   67.4445	   21.2826	   72.7952	   2657	win59--1                      
   49	  792	  4	 4.9953737	   92.8363	   71.7576	   95.1197	  10623	 5.1943998	   66.8423	   20.1962	   71.4330	   2657	win59--1                      
