# conf_file=config.ini	random=False	use_cuda=True	no_files=False	verbose=True	no_shuffle=False	phase=training	use_trial=False	level=scene	usr_id=None	id=1	model_file=None	log_dir=logs/bid-dro0.0-dro0.0-hid459-lay1-nontan-sha-simcos-spe134-tokgoo-bat24-chu757-lea0.0-optada-wei1.8	folds=5	epochs=50	test_every=1	stop_criterion=5	batch_size=24	chunk_size=757	learning_rate=0.000533396665212102	weight_decay=1.8044454846752823e-07	optimizer=adam	speaker_emb=134	token_emb=200	bidirectional=True	layers_lstm=1	hidden_lstm_1=459	attention_lstm=False	attention_window=False	window_size=41	entity_library=False	similarity_type=cos	share_weights=True	dropout_prob_1=0.008172680923374698	dropout_prob_2=0.0013466197621012088	nonlinearity_1=tanh	nonlinearity_2=False	dropout_prob=[0.008172680923374698, 0.0013466197621012088]	nonlinearity=['tanh', False]	bi=True	ent=False	sim=cos	cuda=True	lr=0.000533396665212102	useAdadelta=False	useAdam=True	stop_criterion_num_epochs=5	corpus_token_embs=google_news	corpus_entity_embs=None	emb_size=[200, 134]	hidden_size=[459]	model_type=lstm_basic	num_epochs=50	num_folds=5
# python main.py --batch_size 24 --bidirectional --chunk_size 757 --conf_file config.ini --dropout_prob_1 0.008172680923374698 --dropout_prob_2 0.0013466197621012088 --epochs 50 --file_name auto --folds 5 --hidden_lstm_1 459 --id 1 --layers_lstm 1 --learning_rate 0.000533396665212102 --level scene --log_dir logs/bid-dro0.0-dro0.0-hid459-lay1-nontan-sha-simcos-spe134-tokgoo-bat24-chu757-lea0.0-optada-wei1.8 --model_file auto --nonlinearity_1 tanh --optimizer adam --phase training --share_weights --similarity_type cos --speaker_emb 134 --stop_criterion 5 --test_every 1 --token_emb google_news --use_cuda --usr_id auto --verbose --weight_decay 1.8044454846752823e-07 --window_size 41
epoch	iteration	fold	train_loss	train_acc	train_macro_f1	train_macro_f1_main	train_total	val_loss	val_acc	val_macro_f1	val_macro_f1_main	val_total	model
   -1	    0	  0	 6.0310698	    0.0565	    0.0061	    7.3248	  10621	 6.0292954	    0.0000	    0.0000	    6.7671	   2659	win41--1                      
    0	   16	  0	 3.9253817	   38.4239	    0.9401	   40.3411	  10621	 3.9552362	   40.4663	    2.4166	   42.8239	   2659	win41--1                      
    1	   32	  0	 3.0023181	   40.3352	    1.0122	   41.9649	  10621	 3.1404033	   41.8578	    2.4748	   43.9887	   2659	win41--1                      
    2	   48	  0	 2.8209929	   41.0319	    1.0262	   42.8472	  10621	 3.0832448	   42.6476	    2.5236	   45.0038	   2659	win41--1                      
    3	   64	  0	 2.6997211	   42.1806	    1.0561	   44.1511	  10621	 3.0649507	   42.8357	    2.5447	   45.3566	   2659	win41--1                      
    4	   80	  0	 2.5720685	   43.1598	    1.1447	   45.0401	  10621	 3.0286117	   42.5724	    2.5142	   44.8080	   2659	win41--1                      
    5	   95	  0	 2.4713657	   43.6494	    1.2071	   45.5000	  10621	 2.9625115	   43.5502	    2.5750	   45.9238	   2659	win41--1                      
    6	  111	  0	 2.3626015	   44.6662	    1.3748	   46.6684	  10621	 2.9386458	   44.0767	    2.7991	   46.6169	   2659	win41--1                      
    7	  126	  0	 2.2447042	   45.5607	    1.4331	   47.7582	  10621	 2.8803501	   44.8289	    2.9249	   47.3487	   2659	win41--1                      
    8	  142	  0	 2.1417148	   47.0106	    2.0580	   49.5750	  10621	 2.8334513	   45.3554	    2.9853	   48.0441	   2659	win41--1                      
    9	  158	  0	 2.0748913	   48.3853	    2.9344	   51.2420	  10621	 2.7947445	   46.9725	    3.6686	   49.8979	   2659	win41--1                      
   10	  174	  0	 1.9657648	   50.5508	    3.5751	   53.7448	  10621	 2.7468455	   47.6495	    4.2328	   50.9667	   2659	win41--1                      
   11	  190	  0	 1.8492577	   52.6222	    3.9960	   56.1207	  10621	 2.6945224	   49.2666	    4.0018	   52.3719	   2659	win41--1                      
   12	  206	  0	 1.7428650	   55.6727	    5.0723	   59.5526	  10621	 2.6348317	   50.7334	    5.5546	   54.2720	   2659	win41--1                      
   13	  222	  0	 1.6339616	   57.8571	    5.7890	   62.1426	  10621	 2.5505309	   52.3505	    5.5433	   56.4283	   2659	win41--1                      
   14	  238	  0	 1.5346413	   60.4557	    6.3683	   65.1083	  10621	 2.4828041	   54.2309	    5.9815	   58.7357	   2659	win41--1                      
   15	  254	  0	 1.4362736	   63.8640	    8.8510	   69.5114	  10621	 2.4189680	   55.8105	    6.8667	   61.4581	   2659	win41--1                      
   16	  268	  0	 1.3432869	   65.5211	    9.4763	   71.2562	  10621	 2.3958716	   56.1113	    6.9273	   62.2149	   2659	win41--1                      
   17	  284	  0	 1.2589900	   68.1480	   12.0470	   74.4031	  10621	 2.3671288	   56.8635	    7.3672	   63.6882	   2659	win41--1                      
   18	  300	  0	 1.1918138	   69.9934	   13.5695	   76.1233	  10621	 2.3281286	   58.2174	    7.4672	   65.4321	   2659	win41--1                      
   19	  316	  0	 1.1419103	   71.9047	   15.0725	   78.9424	  10621	 2.2932928	   59.8721	    7.8816	   68.5180	   2659	win41--1                      
   20	  331	  0	 1.0703485	   73.2040	   16.6774	   79.4229	  10621	 2.2718120	   60.3610	    7.8323	   68.4454	   2659	win41--1                      
   21	  347	  0	 1.0203989	   74.9364	   18.4231	   82.0766	  10621	 2.2554395	   59.9850	    8.3970	   69.5973	   2659	win41--1                      
   22	  363	  0	 0.9783776	   76.0569	   20.3159	   82.5694	  10621	 2.2380924	   61.0756	    8.7785	   70.0795	   2659	win41--1                      
   23	  379	  0	 0.9294202	   77.4033	   22.6481	   84.4581	  10621	 2.2391231	   61.4893	    9.6373	   72.0170	   2659	win41--1                      
   24	  395	  0	 0.8682832	   79.2863	   25.1033	   85.9981	  10621	 2.1918383	   62.2414	    8.9546	   72.5879	   2659	win41--1                      
   25	  410	  0	 0.8080433	   80.0678	   28.7568	   86.6236	  10621	 2.1716981	   62.8432	    9.6172	   73.2452	   2659	win41--1                      
   26	  426	  0	 0.7927911	   80.7551	   31.1828	   87.2174	  10621	 2.1603353	   62.9184	    9.8049	   72.8144	   2659	win41--1                      
   27	  442	  0	 0.7703890	   81.6213	   33.9456	   88.1520	  10621	 2.1565728	   63.4073	   10.2000	   74.4555	   2659	win41--1                      
   28	  458	  0	 0.7322682	   82.7888	   38.1724	   88.7188	  10621	 2.1416411	   63.0312	    9.9762	   74.0764	   2659	win41--1                      
   29	  474	  0	 0.6772289	   84.3423	   44.4405	   90.3275	  10621	 2.1350715	   64.6860	   10.8903	   76.0903	   2659	win41--1                      
   30	  490	  0	 0.6321907	   85.3404	   48.4672	   90.7605	  10621	 2.1380725	   64.6108	   11.6178	   75.6279	   2659	win41--1                      
   31	  506	  0	 0.5930777	   86.7997	   53.6630	   91.9010	  10621	 2.1317244	   64.6484	   11.6770	   76.3135	   2659	win41--1                      
   32	  522	  0	 0.5539570	   87.6942	   58.0139	   92.8618	  10621	 2.1294341	   65.4757	   11.8692	   76.5146	   2659	win41--1                      
   33	  537	  0	 0.5189621	   88.8429	   62.6917	   93.2313	  10621	 2.1265538	   64.9868	   11.4608	   76.5851	   2659	win41--1                      
   34	  553	  0	 0.4799354	   89.7467	   66.5739	   93.9183	  10621	 2.1176558	   66.1151	   11.7385	   77.6963	   2659	win41--1                      
   35	  569	  0	 0.4606079	   90.6129	   70.6574	   94.0441	  10621	 2.1372914	   65.4381	   11.8477	   75.9308	   2659	win41--1                      
   36	  585	  0	 0.4382361	   91.0555	   72.9214	   94.6944	  10621	 2.1283381	   65.4757	   11.4646	   77.7746	   2659	win41--1                      
   37	  601	  0	 0.4216754	   91.5074	   74.1605	   94.9252	  10621	 2.1327209	   65.5134	   11.4272	   77.1372	   2659	win41--1                      
   38	  617	  0	 0.4045016	   91.7334	   78.2297	   95.1522	  10621	 2.1150870	   65.9646	   12.8962	   78.0191	   2659	win41--1                      
   39	  633	  0	 0.4119877	   91.7616	   75.4293	   95.0649	  10621	 2.1211209	   65.6262	   11.8442	   78.0327	   2659	win41--1                      
   40	  649	  0	 0.3754442	   92.8161	   79.8455	   95.8937	  10621	 2.1249554	   65.9646	   12.9030	   78.0211	   2659	win41--1                      
   41	  664	  0	 0.3454423	   93.9460	   85.7929	   96.3182	  10621	 2.0986302	   66.4159	   13.1944	   77.9413	   2659	win41--1                      
   42	  680	  0	 0.3211965	   94.2284	   85.6101	   96.3730	  10621	 2.1128910	   65.9270	   12.8804	   77.5155	   2659	win41--1                      
   43	  696	  0	 0.2956851	   94.8969	   87.1765	   96.6951	  10621	 2.1172376	   66.6040	   12.3101	   77.8568	   2659	win41--1                      
   44	  711	  0	 0.2807473	   95.3865	   89.1380	   97.2779	  10621	 2.1079743	   66.3783	   12.9382	   79.4754	   2659	win41--1                      
   45	  727	  0	 0.2619092	   95.8667	   90.5596	   97.4379	  10621	 2.1399550	   66.1527	   13.3880	   78.3834	   2659	win41--1                      
   46	  743	  0	 0.2478279	   96.0550	   91.2361	   97.5476	  10621	 2.1229436	   66.6040	   12.7088	   79.9451	   2659	win41--1                      
   47	  758	  0	 0.2294743	   96.4410	   93.0154	   97.7898	  10621	 2.1298575	   66.5288	   13.3785	   78.9997	   2659	win41--1                      
   48	  773	  0	 0.2173633	   96.8741	   94.0980	   98.1101	  10621	 2.1410651	   65.9646	   12.7908	   78.3840	   2659	win41--1                      
   49	  789	  0	 0.2024741	   97.1942	   95.4465	   98.2225	  10621	 2.1581392	   66.3031	   13.3318	   78.8258	   2659	win41--1                      
   -1	    0	  1	 6.0042081	    0.2730	    0.0483	    7.1599	  10624	 6.0039940	    0.1130	    0.1662	    7.7294	   2656	win41--1                      
    0	   16	  1	 4.4795294	   39.3261	    1.0720	   41.4625	  10624	 4.6306705	   38.1401	    2.6233	   40.8277	   2656	win41--1                      
    1	   32	  1	 3.0190074	   40.6721	    0.9628	   41.9747	  10624	 3.3577247	   38.6295	    2.6069	   41.1785	   2656	win41--1                      
    2	   48	  1	 2.8024683	   41.9616	    1.0172	   44.1947	  10624	 3.1453955	   39.4202	    2.7177	   42.3204	   2656	win41--1                      
    3	   64	  1	 2.6789222	   42.5075	    1.0304	   44.4956	  10624	 3.0687025	   40.4367	    2.7956	   43.3325	   2656	win41--1                      
    4	   80	  1	 2.5632887	   43.3264	    1.0512	   45.3165	  10624	 3.0195756	   41.3404	    2.8647	   44.3759	   2656	win41--1                      
    5	   95	  1	 2.4390008	   44.2771	    1.1455	   46.3422	  10624	 2.9638841	   41.7922	    2.8843	   45.0585	   2656	win41--1                      
    6	  111	  1	 2.3424819	   45.1242	    1.4228	   47.3124	  10624	 2.9128649	   41.8675	    2.9697	   45.1081	   2656	win41--1                      
    7	  127	  1	 2.2220933	   46.7997	    1.8039	   49.2969	  10624	 2.8544412	   43.5617	    3.1918	   46.8856	   2656	win41--1                      
    8	  143	  1	 2.1339488	   47.9104	    2.2186	   50.5938	  10624	 2.8138766	   43.4111	    3.3279	   46.6042	   2656	win41--1                      
    9	  159	  1	 2.0026336	   50.1788	    2.8859	   52.9761	  10624	 2.7287564	   44.3901	    3.3468	   47.9365	   2656	win41--1                      
   10	  174	  1	 1.9042615	   51.9672	    3.9591	   54.9485	  10624	 2.6684816	   45.2184	    3.8541	   49.1639	   2656	win41--1                      
   11	  190	  1	 1.7766104	   54.7440	    4.5500	   58.3102	  10624	 2.5951362	   46.6867	    4.9855	   50.6398	   2656	win41--1                      
   12	  205	  1	 1.6586640	   58.2455	    5.5290	   62.3992	  10624	 2.5140212	   49.8494	    6.2693	   54.8463	   2656	win41--1                      
   13	  221	  1	 1.5507678	   59.7327	    6.0582	   64.0551	  10624	 2.4694390	   50.0377	    6.1800	   55.4580	   2656	win41--1                      
   14	  237	  1	 1.4454145	   63.2812	    7.6423	   68.2175	  10624	 2.3920698	   52.4849	    7.1931	   58.2287	   2656	win41--1                      
   15	  253	  1	 1.3542223	   65.1544	    9.2247	   70.3105	  10624	 2.3375034	   53.5768	    7.8142	   59.5617	   2656	win41--1                      
   16	  269	  1	 1.2618836	   68.0911	   11.0546	   73.7277	  10624	 2.2897942	   55.9111	    8.7312	   61.7533	   2656	win41--1                      
   17	  285	  1	 1.1806990	   70.3219	   13.3168	   76.0830	  10624	 2.2442603	   57.3795	    9.2469	   64.9104	   2656	win41--1                      
   18	  301	  1	 1.1635985	   70.3502	   13.6799	   75.9180	  10624	 2.2120039	   58.3208	    9.5040	   65.4352	   2656	win41--1                      
   19	  317	  1	 1.0932409	   72.6657	   16.4178	   78.9411	  10624	 2.2076392	   58.9232	    9.4151	   67.2145	   2656	win41--1                      
   20	  332	  1	 1.0168885	   74.7176	   18.1559	   80.8471	  10624	 2.1682556	   59.8645	   10.4987	   67.9732	   2656	win41--1                      
   21	  348	  1	 0.9308713	   76.9202	   21.4623	   82.9616	  10624	 2.1360028	   61.1822	   10.6082	   70.0082	   2656	win41--1                      
   22	  364	  1	 0.8768541	   78.7368	   25.0317	   84.9526	  10624	 2.0950215	   62.4623	   12.3890	   71.3793	   2656	win41--1                      
   23	  380	  1	 0.8415123	   79.5557	   26.7121	   85.3145	  10624	 2.0823181	   62.3117	   12.1502	   71.8037	   2656	win41--1                      
   24	  396	  1	 0.7881450	   81.1747	   28.7234	   87.6802	  10624	 2.0667531	   63.7425	   12.9549	   73.6934	   2656	win41--1                      
   25	  412	  1	 0.7536842	   81.4571	   31.8970	   87.2099	  10624	 2.0580044	   63.8554	   12.6082	   73.4393	   2656	win41--1                      
   26	  428	  1	 0.7083843	   83.0666	   37.7881	   88.8977	  10624	 2.0286741	   64.1943	   13.4031	   74.1331	   2656	win41--1                      
   27	  444	  1	 0.6683281	   84.3750	   41.5974	   89.9445	  10624	 2.0384669	   64.7214	   13.3472	   74.7679	   2656	win41--1                      
   28	  460	  1	 0.6613755	   84.1303	   42.3196	   89.5160	  10624	 2.0476558	   64.3449	   13.3441	   74.2952	   2656	win41--1                      
   29	  476	  1	 0.6048709	   85.8151	   46.7287	   90.7474	  10624	 2.0517867	   64.8720	   12.8750	   76.0339	   2656	win41--1                      
   30	  491	  1	 0.5930365	   86.3705	   51.1409	   91.0279	  10624	 2.0282457	   65.5497	   13.2524	   76.6097	   2656	win41--1                      
   31	  506	  1	 0.5593842	   86.9352	   52.4068	   91.3667	  10624	 2.0260422	   65.2861	   14.1843	   75.7877	   2656	win41--1                      
   32	  522	  1	 0.5134123	   88.2154	   59.2662	   92.2664	  10624	 2.0645914	   64.9849	   13.2917	   75.8010	   2656	win41--1                      
   33	  538	  1	 0.4818856	   89.5802	   66.0320	   93.5221	  10624	 2.0287020	   65.8509	   13.9826	   77.9555	   2656	win41--1                      
   34	  554	  1	 0.4498961	   90.2485	   70.3126	   94.0490	  10624	 2.0129483	   66.0768	   14.6441	   77.8947	   2656	win41--1                      
   35	  570	  1	 0.4238733	   91.0862	   72.1608	   94.5140	  10624	 2.0231984	   65.7003	   14.1757	   78.1438	   2656	win41--1                      
   36	  586	  1	 0.4139633	   91.3215	   75.3846	   94.4779	  10624	 2.0478213	   65.3614	   13.2956	   77.0785	   2656	win41--1                      
   37	  602	  1	 0.3867309	   92.4228	   78.5142	   95.4576	  10624	 2.0052564	   66.3780	   14.3563	   78.9670	   2656	win41--1                      
   38	  618	  1	 0.3715151	   92.5264	   80.7486	   95.2499	  10624	 2.0047424	   66.7169	   14.9945	   77.8381	   2656	win41--1                      
   39	  633	  1	 0.3505062	   92.9499	   82.8608	   95.5298	  10624	 2.0241122	   66.3404	   13.8886	   78.4481	   2656	win41--1                      
   40	  648	  1	 0.3312229	   93.6653	   83.6611	   96.1619	  10624	 2.0118482	   66.4157	   14.9994	   79.1099	   2656	win41--1                      
   41	  664	  1	 0.3118502	   94.1547	   87.5302	   96.2855	  10624	 2.0043569	   66.7545	   14.9132	   79.1723	   2656	win41--1                      
   42	  680	  1	 0.2898270	   94.8983	   88.2573	   96.8068	  10624	 1.9866271	   67.0557	   15.2004	   79.4620	   2656	win41--1                      
   43	  696	  1	 0.2601905	   95.7078	   89.9784	   97.3196	  10624	 2.0067303	   67.3193	   15.3653	   80.0974	   2656	win41--1                      
   44	  712	  1	 0.2504803	   95.7455	   89.4953	   97.2463	  10624	 2.0405986	   67.0181	   15.5944	   79.0064	   2656	win41--1                      
   45	  728	  1	 0.2365585	   96.3385	   92.2024	   97.7304	  10624	 2.0407331	   67.3569	   15.0124	   80.2035	   2656	win41--1                      
   46	  744	  1	 0.2185770	   96.7903	   93.2533	   98.0403	  10624	 2.0224185	   67.4699	   16.0718	   80.0084	   2656	win41--1                      
   47	  760	  1	 0.2140329	   96.7997	   93.9637	   98.0216	  10624	 2.0366218	   66.3404	   15.5918	   78.8383	   2656	win41--1                      
   48	  776	  1	 0.1977663	   97.3174	   95.6213	   98.2170	  10624	 2.0339072	   66.9051	   15.1234	   79.9111	   2656	win41--1                      
   49	  792	  1	 0.1852691	   97.5056	   95.7326	   98.4782	  10624	 2.0244226	   67.1310	   15.2531	   80.0655	   2656	win41--1                      
   -1	    0	  2	 6.0222392	    0.0094	    0.0393	    7.0395	  10625	 6.0177326	    0.0000	    0.0000	    7.5584	   2655	win41--1                      
    0	   16	  2	 4.3586903	   38.4565	    0.8729	   39.7033	  10625	 4.4744282	   37.9284	    2.1304	   39.2898	   2655	win41--1                      
    1	   31	  2	 3.0210481	   40.0941	    0.9028	   41.0137	  10625	 3.2216825	   40.1130	    2.2606	   41.6593	   2655	win41--1                      
    2	   47	  2	 2.8143928	   41.6000	    0.9379	   42.6056	  10625	 3.0427423	   41.2806	    2.3210	   42.7730	   2655	win41--1                      
    3	   62	  2	 2.6634545	   42.8047	    0.9640	   43.7910	  10625	 2.9646919	   41.5066	    2.3319	   42.9743	   2655	win41--1                      
    4	   78	  2	 2.5452845	   43.3506	    0.9801	   44.2624	  10625	 2.9076641	   42.4859	    2.3906	   44.0548	   2655	win41--1                      
    5	   94	  2	 2.4682221	   43.2471	    1.0719	   44.3256	  10625	 2.8672214	   41.9209	    2.6085	   43.3766	   2655	win41--1                      
    6	  110	  2	 2.3565705	   44.8659	    1.1366	   46.0466	  10625	 2.7813749	   43.5405	    2.9814	   45.3025	   2655	win41--1                      
    7	  125	  2	 2.2423966	   46.4094	    1.4491	   48.0410	  10625	 2.7118704	   44.1431	    4.1521	   46.2962	   2655	win41--1                      
    8	  140	  2	 2.1309702	   48.4894	    2.0369	   50.5408	  10625	 2.6394126	   46.3653	    4.3688	   48.7162	   2655	win41--1                      
    9	  156	  2	 2.0135291	   50.5694	    2.9212	   53.1868	  10625	 2.5796659	   47.6460	    5.2734	   50.2126	   2655	win41--1                      
   10	  172	  2	 1.8868009	   53.6376	    3.7071	   56.6914	  10625	 2.4759269	   50.7721	    5.6344	   53.9283	   2655	win41--1                      
   11	  188	  2	 1.7660015	   56.4800	    4.6790	   59.9983	  10625	 2.4195292	   51.4878	    5.7667	   54.9495	   2655	win41--1                      
   12	  204	  2	 1.6487410	   59.1153	    5.5414	   62.8982	  10625	 2.3524752	   52.9567	    5.8791	   56.7344	   2655	win41--1                      
   13	  220	  2	 1.5483394	   61.9765	    7.2148	   66.8555	  10625	 2.2579956	   55.1036	    6.1914	   60.5099	   2655	win41--1                      
   14	  236	  2	 1.4533862	   64.0753	    8.5004	   69.1651	  10625	 2.2197783	   56.8362	    6.8030	   61.8985	   2655	win41--1                      
   15	  252	  2	 1.3466685	   67.0024	   10.6421	   72.3826	  10625	 2.1446006	   59.0207	    7.7798	   64.5158	   2655	win41--1                      
   16	  268	  2	 1.2600079	   69.0824	   12.0440	   74.8372	  10625	 2.1049833	   60.0377	    8.0171	   66.3013	   2655	win41--1                      
   17	  284	  2	 1.1753771	   71.2565	   14.6613	   77.1633	  10625	 2.0667984	   60.6780	    8.5549	   66.9801	   2655	win41--1                      
   18	  300	  2	 1.1086200	   73.0541	   16.4899	   79.3223	  10625	 2.0238705	   61.8456	    9.2104	   69.0117	   2655	win41--1                      
   19	  315	  2	 1.0513197	   74.4847	   18.4327	   81.0009	  10625	 2.0185726	   62.9002	    9.2243	   70.5905	   2655	win41--1                      
   20	  331	  2	 0.9980285	   75.2000	   19.2099	   81.6039	  10625	 1.9781324	   63.4652	    9.6324	   70.8343	   2655	win41--1                      
   21	  347	  2	 0.9529005	   76.7624	   21.8904	   83.4850	  10625	 1.9403317	   64.4444	   10.4406	   72.9186	   2655	win41--1                      
   22	  363	  2	 0.9001483	   77.9576	   24.6687	   84.7233	  10625	 1.9392234	   64.1055	   10.2406	   73.6302	   2655	win41--1                      
   23	  379	  2	 0.8319337	   80.2447	   29.9946	   86.7090	  10625	 1.8914409	   65.1224	   10.7187	   74.7029	   2655	win41--1                      
   24	  395	  2	 0.7753803	   81.5341	   34.9313	   87.7665	  10625	 1.8958349	   65.4614	   11.4445	   75.3011	   2655	win41--1                      
   25	  411	  2	 0.7167336	   82.9365	   38.0328	   88.6384	  10625	 1.8803624	   66.0264	   11.8019	   75.0143	   2655	win41--1                      
   26	  427	  2	 0.6948850	   83.5012	   41.7922	   88.7962	  10625	 1.8736926	   66.4783	   12.4571	   75.9003	   2655	win41--1                      
   27	  443	  2	 0.6887620	   84.1035	   44.6223	   89.8452	  10625	 1.8681352	   66.8550	   13.6308	   77.2325	   2655	win41--1                      
   28	  458	  2	 0.6701519	   84.8376	   49.5251	   90.3952	  10625	 1.8582149	   65.8757	   13.3467	   76.8019	   2655	win41--1                      
   29	  474	  2	 0.6093764	   86.1082	   53.6158	   91.1848	  10625	 1.8545538	   66.3653	   13.5371	   76.8868	   2655	win41--1                      
   30	  490	  2	 0.6094930	   86.2212	   55.7416	   91.4233	  10625	 1.8486651	   66.8550	   14.3465	   77.8167	   2655	win41--1                      
   31	  506	  2	 0.5601408	   87.9153	   62.0507	   92.8363	  10625	 1.8524938	   66.9303	   14.9105	   77.7032	   2655	win41--1                      
   32	  522	  2	 0.5054957	   89.2988	   65.9015	   93.4931	  10625	 1.8415291	   67.3823	   14.7058	   77.7067	   2655	win41--1                      
   33	  538	  2	 0.4635907	   89.9388	   68.8486	   93.6953	  10625	 1.8420784	   68.5876	   14.9041	   79.1152	   2655	win41--1                      
   34	  554	  2	 0.4311889	   91.1529	   73.2362	   94.4286	  10625	 1.8375051	   68.0979	   14.3830	   77.7825	   2655	win41--1                      
   35	  569	  2	 0.4170171	   91.5200	   76.3085	   94.7298	  10625	 1.8266368	   68.4746	   15.4696	   78.8732	   2655	win41--1                      
   36	  585	  2	 0.3912739	   92.0565	   77.3164	   94.8610	  10625	 1.8361157	   68.4369	   15.8304	   77.9706	   2655	win41--1                      
   37	  600	  2	 0.3581150	   93.4306	   81.7971	   96.1262	  10625	 1.8338139	   68.8889	   17.0788	   79.1111	   2655	win41--1                      
   38	  615	  2	 0.3343163	   93.8353	   84.4694	   96.2804	  10625	 1.8327479	   69.4915	   17.0610	   79.9205	   2655	win41--1                      
   39	  631	  2	 0.3568910	   93.1200	   82.7900	   95.5404	  10625	 1.9041556	   67.7589	   15.2390	   78.0974	   2655	win41--1                      
   40	  647	  2	 0.3240280	   94.3718	   87.6331	   96.5596	  10625	 1.8226537	   69.0772	   17.2462	   79.9624	   2655	win41--1                      
   41	  663	  2	 0.2930402	   95.1529	   89.7410	   96.9965	  10625	 1.8383048	   68.8512	   17.1933	   78.9399	   2655	win41--1                      
   42	  679	  2	 0.2988178	   94.7482	   88.0730	   96.7454	  10625	 1.8631132	   67.5706	   16.2172	   78.4368	   2655	win41--1                      
   43	  695	  2	 0.2862297	   94.9929	   89.8649	   96.8184	  10625	 1.8681302	   69.2655	   17.4116	   79.3946	   2655	win41--1                      
   44	  711	  2	 0.2492847	   96.1600	   93.3056	   97.6453	  10625	 1.8612993	   68.2486	   17.5381	   79.0087	   2655	win41--1                      
   45	  727	  2	 0.2354710	   96.4612	   92.8681	   97.8530	  10625	 1.8464937	   68.2486	   16.8238	   80.0516	   2655	win41--1                      
   46	  742	  2	 0.2439789	   96.4612	   93.5460	   97.7454	  10625	 1.8518414	   68.9266	   17.4146	   79.7963	   2655	win41--1                      
   47	  757	  2	 0.2262959	   96.9412	   94.5566	   98.1052	  10625	 1.8653480	   68.3992	   17.5633	   80.3404	   2655	win41--1                      
   48	  772	  2	 0.1967485	   97.4212	   95.7009	   98.4295	  10625	 1.8516496	   69.7175	   18.0370	   80.4499	   2655	win41--1                      
   49	  788	  2	 0.1804347	   97.7694	   96.2404	   98.6141	  10625	 1.8625385	   69.2655	   17.5441	   80.3143	   2655	win41--1                      
   -1	    0	  3	 6.0088725	    0.0565	    0.0378	    7.3069	  10627	 6.0180640	    0.0000	    0.0000	    6.6816	   2653	win41--1                      
    0	   16	  3	 4.0768981	   38.1293	    0.8927	   40.1032	  10627	 4.0105047	   36.0724	    2.1256	   37.0458	   2653	win41--1                      
    1	   33	  3	 3.0453334	   40.8017	    1.0074	   42.6066	  10627	 3.0838735	   39.4271	    2.2492	   39.2004	   2653	win41--1                      
    2	   50	  3	 2.8417380	   41.4510	    1.0188	   45.1977	  10627	 2.9742360	   39.7663	    2.3517	   42.8479	   2653	win41--1                      
    3	   67	  3	 2.6993024	   42.7967	    1.0720	   45.0252	  10627	 2.8607254	   40.8217	    2.3670	   41.5692	   2653	win41--1                      
    4	   84	  3	 2.5797608	   43.5683	    1.0884	   45.8013	  10627	 2.8272636	   41.1233	    2.3786	   41.5977	   2653	win41--1                      
    5	  101	  3	 2.4814203	   44.2364	    1.1066	   46.5324	  10627	 2.7860503	   42.1410	    2.4440	   42.9456	   2653	win41--1                      
    6	  117	  3	 2.3703773	   45.0080	    1.1361	   47.2224	  10627	 2.7277684	   42.2541	    2.4512	   42.7556	   2653	win41--1                      
    7	  134	  3	 2.2835770	   45.9678	    1.4246	   48.5611	  10627	 2.6915195	   42.7441	    2.8379	   44.1324	   2653	win41--1                      
    8	  150	  3	 2.1853130	   47.2476	    1.7930	   49.9327	  10627	 2.6201587	   43.0833	    2.9136	   43.7253	   2653	win41--1                      
    9	  167	  3	 2.0709820	   48.8002	    2.3775	   51.7404	  10627	 2.5304246	   45.1187	    4.1677	   46.6614	   2653	win41--1                      
   10	  184	  3	 1.9673887	   50.6540	    3.2105	   53.9581	  10627	 2.5042443	   46.4380	    4.9075	   48.6323	   2653	win41--1                      
   11	  201	  3	 1.8478575	   52.9971	    3.6846	   56.6783	  10627	 2.4026520	   48.3603	    5.1425	   50.8724	   2653	win41--1                      
   12	  218	  3	 1.7321329	   55.7636	    4.8284	   60.0189	  10627	 2.3220255	   51.7527	    5.8050	   54.5768	   2653	win41--1                      
   13	  235	  3	 1.6275022	   58.3608	    5.6848	   63.1287	  10627	 2.2554932	   52.9589	    6.0025	   56.5202	   2653	win41--1                      
   14	  252	  3	 1.5199628	   61.0238	    6.6488	   66.2708	  10627	 2.1661484	   56.8790	    6.9708	   60.2037	   2653	win41--1                      
   15	  269	  3	 1.4144146	   63.7527	    8.2205	   69.5582	  10627	 2.1259425	   58.8767	    8.2358	   63.1544	   2653	win41--1                      
   16	  285	  3	 1.3283465	   66.3499	    9.9967	   72.9728	  10627	 2.0764127	   61.1383	    8.4944	   66.7787	   2653	win41--1                      
   17	  301	  3	 1.2440436	   68.5989	   11.5107	   75.0965	  10627	 2.0628917	   61.3645	    9.2512	   66.5536	   2653	win41--1                      
   18	  317	  3	 1.1776896	   69.9821	   13.7473	   76.4957	  10627	 2.0055244	   62.5707	    9.9484	   68.2362	   2653	win41--1                      
   19	  332	  3	 1.1204634	   71.8547	   15.8490	   78.4969	  10627	 2.0122397	   62.9476	   10.4595	   69.3436	   2653	win41--1                      
   20	  348	  3	 1.0476587	   73.7179	   19.6899	   80.2390	  10627	 1.9588521	   64.2669	   11.0517	   69.8127	   2653	win41--1                      
   21	  364	  3	 0.9845707	   75.6940	   21.8367	   82.4352	  10627	 1.9480373	   65.5484	   13.0123	   72.6157	   2653	win41--1                      
   22	  381	  3	 0.9313295	   76.7197	   23.7425	   83.3718	  10627	 1.9307877	   65.1715	   12.4479	   72.1787	   2653	win41--1                      
   23	  397	  3	 0.8817454	   78.2441	   25.9655	   84.9019	  10627	 1.9406340	   65.5107	   12.9421	   73.2670	   2653	win41--1                      
   24	  414	  3	 0.8365558	   79.4956	   30.1774	   85.6770	  10627	 1.8833919	   66.2646	   14.1783	   73.1812	   2653	win41--1                      
   25	  431	  3	 0.7974231	   80.8977	   32.5650	   87.1350	  10627	 1.8963152	   66.9431	   13.8106	   74.7055	   2653	win41--1                      
   26	  448	  3	 0.7412288	   82.0457	   36.1370	   87.7189	  10627	 1.8922732	   66.7546	   14.3314	   73.1995	   2653	win41--1                      
   27	  464	  3	 0.7020407	   83.4290	   40.3500	   89.1236	  10627	 1.8982488	   67.6969	   15.1085	   75.5290	   2653	win41--1                      
   28	  481	  3	 0.6697184	   84.1065	   44.0566	   89.8283	  10627	 1.8697135	   67.6969	   14.1777	   75.9155	   2653	win41--1                      
   29	  497	  3	 0.6303964	   85.6780	   51.1749	   91.0509	  10627	 1.8548347	   67.8854	   15.0137	   75.9291	   2653	win41--1                      
   30	  514	  3	 0.6051076	   86.0732	   51.2067	   91.1422	  10627	 1.8622713	   67.8477	   15.5044	   76.2769	   2653	win41--1                      
   31	  531	  3	 0.5580479	   87.2400	   55.9313	   91.9214	  10627	 1.8483734	   69.2801	   14.8399	   77.7037	   2653	win41--1                      
   32	  548	  3	 0.5854537	   86.9766	   57.7763	   91.8525	  10627	 1.8403046	   68.3377	   14.8980	   76.8883	   2653	win41--1                      
   33	  563	  3	 0.5260460	   88.7362	   63.0112	   93.1735	  10627	 1.8280832	   68.4885	   15.4159	   77.9706	   2653	win41--1                      
   34	  580	  3	 0.5007672	   89.8372	   70.8584	   93.8550	  10627	 1.8219130	   69.2047	   16.0637	   78.3534	   2653	win41--1                      
   35	  596	  3	 0.4485030	   90.6088	   71.0454	   94.1452	  10627	 1.8589263	   68.4885	   15.4815	   77.8185	   2653	win41--1                      
   36	  613	  3	 0.4315601	   91.4557	   76.5182	   94.8690	  10627	 1.8300639	   69.6193	   16.8306	   79.4126	   2653	win41--1                      
   37	  630	  3	 0.4099761	   92.1521	   80.8859	   95.2017	  10627	 1.8399994	   69.3931	   16.4669	   78.4237	   2653	win41--1                      
   38	  647	  3	 0.3861266	   92.3309	   81.5570	   95.3102	  10627	 1.8577864	   69.2424	   16.4100	   78.4714	   2653	win41--1                      
   39	  664	  3	 0.3561504	   92.9801	   84.3905	   95.4747	  10627	 1.8278151	   69.5062	   16.5512	   78.2507	   2653	win41--1                      
   40	  679	  3	 0.3306225	   94.0905	   86.7245	   96.3701	  10627	 1.8455976	   69.6193	   16.6682	   78.4441	   2653	win41--1                      
   -1	    0	  4	 5.9870214	    0.2165	    0.0182	    7.5601	  10623	 5.9906607	    0.0753	    0.0930	    7.1498	   2657	win41--1                      
    0	   16	  4	 4.1674037	   34.4159	    0.9306	   36.4326	  10623	 4.2481704	   35.9052	    2.3192	   36.4010	   2657	win41--1                      
    1	   32	  4	 2.9834383	   40.7889	    1.0057	   42.4669	  10623	 3.1685345	   40.9861	    2.5459	   41.4387	   2657	win41--1                      
    2	   48	  4	 2.8068092	   41.2595	    1.0353	   43.4069	  10623	 3.0762703	   41.5506	    2.6877	   42.0488	   2657	win41--1                      
    3	   64	  4	 2.6529293	   42.5680	    1.0734	   44.7216	  10623	 3.0252662	   42.3786	    2.7494	   43.1635	   2657	win41--1                      
    4	   80	  4	 2.5499339	   42.6339	    1.0687	   44.5595	  10623	 3.0105422	   42.1152	    2.7412	   43.1784	   2657	win41--1                      
    5	   96	  4	 2.4284801	   44.0459	    1.3043	   46.1876	  10623	 2.9277990	   42.9055	    2.8825	   43.4673	   2657	win41--1                      
    6	  111	  4	 2.3014183	   45.6180	    1.5625	   47.9566	  10623	 2.8717098	   43.2066	    2.9390	   43.8636	   2657	win41--1                      
    7	  127	  4	 2.2125893	   46.5688	    2.0547	   49.1953	  10623	 2.8584361	   43.3948	    3.1802	   44.4994	   2657	win41--1                      
    8	  143	  4	 2.0958791	   48.1597	    2.4461	   50.9233	  10623	 2.8029437	   45.3519	    3.3533	   46.7201	   2657	win41--1                      
    9	  159	  4	 1.9866767	   49.7600	    3.1407	   53.0692	  10623	 2.7454889	   46.1799	    4.2145	   47.4721	   2657	win41--1                      
   10	  175	  4	 1.8788400	   52.1698	    3.8731	   55.6485	  10623	 2.6916554	   47.4219	    4.4274	   49.0597	   2657	win41--1                      
   11	  191	  4	 1.7638485	   54.6173	    4.6661	   58.3639	  10623	 2.6413968	   48.6263	    5.6533	   50.4670	   2657	win41--1                      
   12	  207	  4	 1.6432080	   57.4979	    5.3821	   61.9127	  10623	 2.5485058	   51.8254	    5.9646	   54.5764	   2657	win41--1                      
   13	  223	  4	 1.5479360	   60.0490	    6.8781	   64.8156	  10623	 2.4746456	   53.6696	    6.4475	   57.0634	   2657	win41--1                      
   14	  238	  4	 1.4392542	   62.7789	    7.9329	   68.2010	  10623	 2.4304984	   54.4223	    6.4294	   58.8163	   2657	win41--1                      
   15	  254	  4	 1.3489639	   66.1113	   10.4856	   72.2577	  10623	 2.3817766	   56.5299	    7.7135	   61.9701	   2657	win41--1                      
   16	  270	  4	 1.2792449	   67.6174	   11.3611	   73.3371	  10623	 2.3538296	   56.6428	    7.5921	   62.3701	   2657	win41--1                      
   17	  286	  4	 1.1885827	   70.3662	   13.7009	   76.2521	  10623	 2.3304801	   58.0730	    8.1844	   64.5241	   2657	win41--1                      
   18	  301	  4	 1.1193390	   72.1736	   16.2698	   78.5609	  10623	 2.2782850	   59.5785	    8.9819	   66.8222	   2657	win41--1                      
   19	  317	  4	 1.0408099	   74.6023	   18.6526	   81.5232	  10623	 2.2684655	   60.1430	    9.6290	   68.2001	   2657	win41--1                      
   20	  333	  4	 0.9850982	   75.7037	   20.2220	   82.1218	  10623	 2.2680790	   60.3688	    9.6411	   68.0994	   2657	win41--1                      
   21	  349	  4	 0.9411397	   76.5697	   22.2943	   83.0779	  10623	 2.2485533	   61.7990	    9.4064	   70.4641	   2657	win41--1                      
   22	  365	  4	 0.9135964	   77.9817	   23.7041	   84.6179	  10623	 2.2708116	   61.1592	    9.5234	   70.5345	   2657	win41--1                      
   23	  381	  4	 0.8727104	   78.2547	   24.8509	   84.3254	  10623	 2.2166486	   61.6485	   10.5907	   69.8246	   2657	win41--1                      
   24	  397	  4	 0.8179748	   80.5328	   30.2641	   87.2234	  10623	 2.2069430	   62.0625	   11.1657	   71.9968	   2657	win41--1                      
   25	  413	  4	 0.7603148	   81.7754	   34.9946	   87.8560	  10623	 2.1813509	   63.8314	   11.9514	   73.8676	   2657	win41--1                      
   26	  429	  4	 0.7020830	   83.4510	   37.7893	   89.1383	  10623	 2.1842661	   63.1539	   11.7527	   73.1288	   2657	win41--1                      
   27	  445	  4	 0.6734754	   84.0346	   40.5750	   89.2732	  10623	 2.1804202	   63.5679	   11.8962	   73.5881	   2657	win41--1                      
   28	  460	  4	 0.6380264	   85.2866	   46.6453	   90.6065	  10623	 2.2090008	   63.7185	   11.9489	   73.6011	   2657	win41--1                      
   29	  475	  4	 0.6048737	   85.8797	   50.2964	   90.6572	  10623	 2.1873107	   63.0787	   11.8654	   73.1933	   2657	win41--1                      
   30	  491	  4	 0.5683341	   87.5365	   53.4511	   92.2640	  10623	 2.1697204	   64.2454	   12.3674	   75.1040	   2657	win41--1                      
   31	  507	  4	 0.5349642	   88.1672	   58.7924	   92.2672	  10623	 2.1564643	   64.1701	   12.2629	   74.2527	   2657	win41--1                      
   32	  522	  4	 0.5044423	   88.8073	   61.4617	   93.1522	  10623	 2.1805749	   64.8852	   12.3899	   75.0748	   2657	win41--1                      
   33	  537	  4	 0.4777570	   89.6545	   66.1167	   93.4665	  10623	 2.1769145	   64.0948	   12.1614	   74.6432	   2657	win41--1                      
   34	  553	  4	 0.4464465	   90.7747	   72.9398	   94.4410	  10623	 2.1845231	   64.6218	   12.4406	   76.1010	   2657	win41--1                      
   35	  569	  4	 0.4447746	   90.7465	   73.5978	   93.9724	  10623	 2.1705887	   64.5465	   12.2211	   74.8497	   2657	win41--1                      
   36	  585	  4	 0.4214603	   90.9912	   74.2104	   94.0321	  10623	 2.1966219	   65.2616	   13.0063	   74.9808	   2657	win41--1                      
   37	  601	  4	 0.3914238	   92.1397	   76.9765	   94.9143	  10623	 2.1922641	   64.8099	   12.8382	   75.5649	   2657	win41--1                      
   38	  617	  4	 0.3744910	   92.4221	   79.7486	   95.1540	  10623	 2.1992667	   64.6970	   12.6322	   75.6205	   2657	win41--1                      
   39	  633	  4	 0.3478395	   93.1752	   81.2942	   95.6333	  10623	 2.1921165	   64.3207	   12.6458	   74.6832	   2657	win41--1                      
   40	  649	  4	 0.3427512	   93.5047	   84.3621	   95.8762	  10623	 2.1718109	   64.9981	   13.0835	   76.0378	   2657	win41--1                      
   41	  665	  4	 0.3174332	   94.1165	   85.8439	   96.3395	  10623	 2.1810961	   65.5627	   13.1368	   76.3417	   2657	win41--1                      
   42	  680	  4	 0.2931964	   94.8131	   86.5646	   96.6344	  10623	 2.1868980	   65.1863	   13.5358	   76.8648	   2657	win41--1                      
   43	  696	  4	 0.2688240	   95.1520	   88.3783	   96.9657	  10623	 2.2084336	   65.2992	   13.3606	   76.0930	   2657	win41--1                      
   44	  712	  4	 0.2539977	   95.7357	   88.8797	   97.3145	  10623	 2.1902719	   66.1272	   13.7352	   77.0870	   2657	win41--1                      
   45	  728	  4	 0.2359159	   96.4040	   93.0354	   97.7503	  10623	 2.2076702	   66.0519	   13.5277	   76.8311	   2657	win41--1                      
   46	  744	  4	 0.2509963	   95.9992	   91.6598	   97.3979	  10623	 2.1904037	   65.4121	   13.1269	   76.5268	   2657	win41--1                      
   47	  759	  4	 0.2340398	   96.4982	   92.4707	   97.8285	  10623	 2.2073872	   65.3745	   13.5104	   76.7515	   2657	win41--1                      
   48	  775	  4	 0.2080733	   97.0441	   94.0963	   98.1502	  10623	 2.2124813	   66.0519	   13.6701	   77.2375	   2657	win41--1                      
